Test server starting on ws://localhost:8771/ws
Difficulty: nightmare, from data/live_init.json
Connect with: python nightmare_live.py "ws://localhost:8771/ws?token=test"
Client connected from ('::1', 50879, 0, 0)
Loaded 2 orders from DB
Game started: nightmare seed=7005 bots=20 rounds=500 items=144 types=21
Dropoffs: [(1, 16), (15, 16), (27, 16)]
Spawn: (28, 16)
  SRV R0: parsed=[('up', -1), ('lt', -1), ('wait', -1), ('wait', -1), ('wait', -1)] inv=[]
R  0/500 Score:  0 Ord:0 Delta:+0
  SRV R1: parsed=[('lt', -1), ('lt', -1), ('up', -1), ('wait', -1), ('lt', -1)] inv=[]
R  1/500 Score:  0 Ord:0 Delta:+0
  SRV R2: parsed=[('lt', -1), ('lt', -1), ('lt', -1), ('up', -1), ('lt', -1)] inv=[]
R  2/500 Score:  0 Ord:0 Delta:+0
  SRV R3: parsed=[('lt', -1), ('lt', -1), ('lt', -1), ('up', -1), ('lt', -1)] inv=[]
R  3/500 Score:  0 Ord:0 Delta:+0
  SRV R4: parsed=[('lt', -1), ('lt', -1), ('lt', -1), ('lt', -1), ('lt', -1)] inv=[]
R  4/500 Score:  0 Ord:0 Delta:+0
  SRV R5: parsed=[('up', -1), ('up', -1), ('lt', -1), ('up', -1), ('lt', -1)] inv=[]
  SRV R6: parsed=[('up', -1), ('lt', -1), ('up', -1), ('dn', -1), ('up', -1)] inv=[]
  SRV R7: parsed=[('PU', 130), ('dn', -1), ('dn', -1), ('up', -1), ('lt', -1)] inv=[]
    PU: b0@(24,13)->item130@(23,13) d=1 inv=0
  SRV R8: parsed=[('PU', 130), ('lt', -1), ('up', -1), ('up', -1), ('lt', -1)] inv=['b0:[20]']
    PU: b0@(24,13)->item130@(23,13) d=1 inv=1
  SRV R9: parsed=[('up', -1), ('up', -1), ('up', -1), ('up', -1), ('lt', -1)] inv=['b0:[20, 20]']
Client disconnected
