Connecting to game.ainm.no:443 (TLS=true)
TCP_NODELAY set successfully
Sending handshake (445 bytes)...
Server response:
HTTP/1.1 101 Switching Protocols
sec-websocket-accept: 8Xb7T7+Qa6+ZnQyu973DOSzxWRs=
date: Fri, 27 Feb 2026 21:36:32 GMT
server: Google Frontend
x-cloud-trace-context: 2eec211a7e62c710700e8ea27552cc9a/7047685435233249026
traceparent: 00-2eec211a7e62c710700e8ea27552cc9a-61ce689027c5a702-00
Via: 1.1 google
Upgrade: websocket
Connection: Upgrade
Alt-Svc: h3=":443"; ma=2592000,h3-29=":443"; ma=2592000


WebSocket handshake OK!
R0: 28x18 grid, 10 bots, 120 items, dropoff (1,16)
R0/300 Score:0
R0 ORCH: 4 types, 5 active + 4 preview assigned
R0 Score:0 items_on_map=120 stuck=false osc=0
R10 STALL Bot0 pos=(23,9) eff=(23,9) inv=0 has_active=false delivering=false eff_slots=3 trip=true stuck=false order_rds=11
R10 STALL Bot1 pos=(19,16) eff=(19,16) inv=1 has_active=true delivering=true eff_slots=2 trip=false stuck=false order_rds=11
R10 STALL Bot2 pos=(24,9) eff=(24,9) inv=0 has_active=false delivering=false eff_slots=3 trip=true stuck=false order_rds=11
R10 STALL Bot3 pos=(19,15) eff=(19,15) inv=0 has_active=false delivering=false eff_slots=3 trip=true stuck=false order_rds=11
R10 STALL Bot4 pos=(24,11) eff=(24,11) inv=0 has_active=false delivering=false eff_slots=3 trip=true stuck=false order_rds=11
R10 STALL Bot5 pos=(25,10) eff=(25,10) inv=0 has_active=false delivering=false eff_slots=3 trip=true stuck=false order_rds=11
R10 STALL Bot6 pos=(26,10) eff=(26,10) inv=0 has_active=false delivering=false eff_slots=3 trip=false stuck=false order_rds=11
R10 STALL Bot7 pos=(25,12) eff=(25,12) inv=0 has_active=false delivering=false eff_slots=3 trip=false stuck=false order_rds=11
R10 STALL Bot8 pos=(26,13) eff=(26,13) inv=0 has_active=false delivering=false eff_slots=3 trip=false stuck=false order_rds=11
R10 STALL Bot9 pos=(22,15) eff=(22,15) inv=0 has_active=false delivering=false eff_slots=3 trip=true stuck=false order_rds=11
R15 STALL Bot5 pos=(25,9) eff=(25,9) inv=0 has_active=false delivering=false eff_slots=3 trip=true stuck=false order_rds=16
R15 STALL Bot6 pos=(23,8) eff=(23,8) inv=0 has_active=false delivering=false eff_slots=3 trip=true stuck=false order_rds=16
R15 STALL Bot7 pos=(24,8) eff=(24,8) inv=0 has_active=false delivering=false eff_slots=3 trip=false stuck=false order_rds=16
R15 STALL Bot8 pos=(26,8) eff=(26,8) inv=0 has_active=false delivering=false eff_slots=3 trip=false stuck=false order_rds=16
R15 STALL Bot9 pos=(19,16) eff=(19,16) inv=1 has_active=true delivering=true eff_slots=2 trip=false stuck=false order_rds=16
R15 STALL Bot0 pos=(20,10) eff=(20,10) inv=1 has_active=true delivering=true eff_slots=2 trip=false stuck=false order_rds=16
R15 STALL Bot1 pos=(14,16) eff=(14,16) inv=1 has_active=true delivering=true eff_slots=2 trip=false stuck=false order_rds=16
R15 STALL Bot2 pos=(21,9) eff=(21,9) inv=0 has_active=false delivering=false eff_slots=3 trip=true stuck=false order_rds=16
R15 STALL Bot3 pos=(16,13) eff=(16,13) inv=0 has_active=false delivering=false eff_slots=3 trip=true stuck=false order_rds=16
R15 STALL Bot4 pos=(23,9) eff=(23,9) inv=0 has_active=false delivering=false eff_slots=3 trip=true stuck=false order_rds=16
R20 STALL Bot0 pos=(20,13) eff=(20,13) inv=3 has_active=true delivering=true eff_slots=0 trip=false stuck=false order_rds=21
R20 STALL Bot1 pos=(9,16) eff=(9,16) inv=1 has_active=true delivering=true eff_slots=2 trip=false stuck=false order_rds=21
R20 STALL Bot2 pos=(20,11) eff=(20,11) inv=2 has_active=true delivering=true eff_slots=1 trip=false stuck=false order_rds=21
R20 STALL Bot3 pos=(16,16) eff=(16,16) inv=2 has_active=true delivering=true eff_slots=1 trip=false stuck=false order_rds=21
R20 STALL Bot4 pos=(19,9) eff=(19,9) inv=1 has_active=true delivering=true eff_slots=2 trip=false stuck=false order_rds=21
R20 STALL Bot5 pos=(22,9) eff=(22,9) inv=0 has_active=false delivering=false eff_slots=3 trip=true stuck=false order_rds=21
R20 STALL Bot6 pos=(23,3) eff=(23,3) inv=0 has_active=false delivering=false eff_slots=3 trip=true stuck=false order_rds=21
R20 STALL Bot7 pos=(21,9) eff=(21,9) inv=1 has_active=true delivering=true eff_slots=2 trip=false stuck=false order_rds=21
R20 STALL Bot8 pos=(26,3) eff=(26,3) inv=0 has_active=false delivering=false eff_slots=3 trip=false stuck=false order_rds=21
R20 STALL Bot9 pos=(14,16) eff=(14,16) inv=1 has_active=true delivering=true eff_slots=2 trip=false stuck=false order_rds=21
R25 ORCH: 0 types, 5 active + 0 preview assigned
R25 Score:0 items_on_map=120 stuck=false osc=0
R25 STALL Bot5 pos=(19,9) eff=(19,9) inv=0 has_active=false delivering=false eff_slots=3 trip=true stuck=false order_rds=26
R25 STALL Bot6 pos=(20,1) eff=(20,1) inv=0 has_active=false delivering=false eff_slots=3 trip=true stuck=false order_rds=26
R25 STALL Bot8 pos=(23,1) eff=(23,1) inv=0 has_active=false delivering=false eff_slots=3 trip=false stuck=false order_rds=26
R25 STALL Bot9 pos=(9,16) eff=(9,16) inv=1 has_active=true delivering=true eff_slots=2 trip=false stuck=false order_rds=26
R25 STALL Bot0 pos=(18,16) eff=(18,16) inv=3 has_active=true delivering=true eff_slots=0 trip=false stuck=false order_rds=26
R25 STALL Bot1 pos=(4,16) eff=(4,16) inv=1 has_active=true delivering=true eff_slots=2 trip=false stuck=false order_rds=26
R25 STALL Bot2 pos=(20,15) eff=(20,15) inv=3 has_active=true delivering=true eff_slots=0 trip=false stuck=false order_rds=26
R25 STALL Bot3 pos=(11,16) eff=(11,16) inv=2 has_active=true delivering=true eff_slots=1 trip=false stuck=false order_rds=26
R25 STALL Bot4 pos=(16,10) eff=(16,10) inv=2 has_active=true delivering=true eff_slots=1 trip=false stuck=false order_rds=26
R44 Bot0 stuck-order reset (rounds_on_order=45)
R44 Bot1 stuck-order reset (rounds_on_order=45)
R44 Bot2 stuck-order reset (rounds_on_order=45)
R44 Bot3 ESCAPE at (3,16)
R44 Bot3 stuck-order reset (rounds_on_order=45)
R44 Bot4 stuck-order reset (rounds_on_order=45)
R44 Bot5 stuck-order reset (rounds_on_order=45)
R44 Bot6 stuck-order reset (rounds_on_order=45)
R44 Bot7 stuck-order reset (rounds_on_order=45)
R44 Bot8 stuck-order reset (rounds_on_order=45)
R44 Bot9 stuck-order reset (rounds_on_order=45)
R49 Bot1 ESCAPE at (1,15)
R49 Bot3 ESCAPE at (3,16)
R50/300 Score:3
R50 ORCH: 0 types, 0 active + 0 preview assigned
R50 Score:3 items_on_map=120 stuck=false osc=0
R50 STALL Bot0 pos=(3,15) eff=(3,15) inv=3 has_active=true delivering=true eff_slots=0 trip=false stuck=false order_rds=51
R50 STALL Bot1 pos=(1,15) eff=(1,15) inv=1 has_active=false delivering=false eff_slots=2 trip=false stuck=false order_rds=51
R50 STALL Bot2 pos=(2,15) eff=(2,15) inv=3 has_active=false delivering=false eff_slots=0 trip=false stuck=false order_rds=51
R50 STALL Bot3 pos=(3,16) eff=(3,16) inv=2 has_active=false delivering=false eff_slots=1 trip=false stuck=false order_rds=51
R50 STALL Bot4 pos=(5,15) eff=(5,15) inv=3 has_active=false delivering=false eff_slots=0 trip=false stuck=false order_rds=51
R50 STALL Bot5 pos=(5,16) eff=(5,16) inv=2 has_active=false delivering=false eff_slots=1 trip=false stuck=false order_rds=51
R50 STALL Bot6 pos=(13,16) eff=(13,16) inv=3 has_active=false delivering=false eff_slots=0 trip=false stuck=false order_rds=51
R50 STALL Bot7 pos=(4,16) eff=(4,16) inv=3 has_active=true delivering=true eff_slots=0 trip=false stuck=false order_rds=51
R50 STALL Bot8 pos=(12,1) eff=(12,1) inv=0 has_active=false delivering=false eff_slots=3 trip=false stuck=false order_rds=51
R50 STALL Bot9 pos=(6,9) eff=(6,9) inv=0 has_active=false delivering=false eff_slots=3 trip=false stuck=false order_rds=51
R54 Bot1 ESCAPE at (1,15)
R54 Bot2 ESCAPE at (2,15)
R54 Bot3 ESCAPE at (3,16)
R55 STALL Bot5 pos=(5,15) eff=(5,15) inv=2 has_active=false delivering=false eff_slots=1 trip=false stuck=false order_rds=56
R55 STALL Bot6 pos=(8,16) eff=(8,16) inv=3 has_active=false delivering=false eff_slots=0 trip=false stuck=false order_rds=56
R55 STALL Bot7 pos=(5,16) eff=(5,16) inv=3 has_active=true delivering=true eff_slots=0 trip=false stuck=false order_rds=56
R55 STALL Bot8 pos=(13,1) eff=(13,1) inv=0 has_active=false delivering=false eff_slots=3 trip=false stuck=false order_rds=56
R55 STALL Bot9 pos=(7,9) eff=(7,9) inv=0 has_active=false delivering=false eff_slots=3 trip=false stuck=false order_rds=56
R55 STALL Bot0 pos=(3,15) eff=(3,15) inv=3 has_active=true delivering=true eff_slots=0 trip=false stuck=false order_rds=56
R55 STALL Bot1 pos=(1,15) eff=(1,15) inv=1 has_active=false delivering=false eff_slots=2 trip=false stuck=false order_rds=56
R55 STALL Bot2 pos=(2,15) eff=(2,15) inv=3 has_active=false delivering=false eff_slots=0 trip=false stuck=false order_rds=56
R55 STALL Bot3 pos=(3,16) eff=(3,16) inv=2 has_active=false delivering=false eff_slots=1 trip=false stuck=false order_rds=56
R55 STALL Bot4 pos=(4,15) eff=(4,15) inv=3 has_active=false delivering=false eff_slots=0 trip=false stuck=false order_rds=56
R56 Bot8 ESCAPE at (12,1)
R57 Bot0 ESCAPE at (4,15)
R59 Bot0 stuck-order reset (rounds_on_order=60)
R59 Bot1 ESCAPE at (1,15)
R59 Bot1 stuck-order reset (rounds_on_order=60)
R59 Bot2 ESCAPE at (2,15)
R59 Bot2 stuck-order reset (rounds_on_order=60)
R59 Bot3 ESCAPE at (3,16)
R59 Bot3 stuck-order reset (rounds_on_order=60)
R59 Bot4 stuck-order reset (rounds_on_order=60)
R59 Bot5 stuck-order reset (rounds_on_order=60)
R59 Bot6 stuck-order reset (rounds_on_order=60)
R59 Bot7 stuck-order reset (rounds_on_order=60)
R59 Bot8 stuck-order reset (rounds_on_order=60)
R59 Bot9 ESCAPE at (7,9)
R59 Bot9 stuck-order reset (rounds_on_order=60)
R60 STALL Bot0 pos=(3,15) eff=(3,15) inv=3 has_active=true delivering=true eff_slots=0 trip=false stuck=false order_rds=61
R60 STALL Bot1 pos=(1,15) eff=(1,15) inv=1 has_active=false delivering=false eff_slots=2 trip=false stuck=false order_rds=61
R60 STALL Bot2 pos=(2,15) eff=(2,15) inv=3 has_active=false delivering=false eff_slots=0 trip=false stuck=false order_rds=61
R60 STALL Bot3 pos=(3,16) eff=(3,16) inv=2 has_active=false delivering=false eff_slots=1 trip=false stuck=false order_rds=61
R60 STALL Bot4 pos=(5,16) eff=(5,16) inv=3 has_active=false delivering=false eff_slots=0 trip=false stuck=false order_rds=61
R60 STALL Bot5 pos=(4,13) eff=(4,13) inv=2 has_active=false delivering=false eff_slots=1 trip=false stuck=false order_rds=61
R60 STALL Bot6 pos=(6,15) eff=(6,15) inv=3 has_active=false delivering=false eff_slots=0 trip=false stuck=false order_rds=61
R60 STALL Bot7 pos=(4,16) eff=(4,16) inv=3 has_active=true delivering=true eff_slots=0 trip=false stuck=false order_rds=61
R60 STALL Bot8 pos=(12,1) eff=(12,1) inv=0 has_active=false delivering=false eff_slots=3 trip=false stuck=false order_rds=61
R60 STALL Bot9 pos=(6,9) eff=(6,9) inv=0 has_active=false delivering=false eff_slots=3 trip=false stuck=false order_rds=61
R64 Bot1 ESCAPE at (1,15)
R64 Bot2 ESCAPE at (2,15)
R64 Bot3 ESCAPE at (3,16)
R65 Bot0 ESCAPE at (4,15)
R65 Bot4 ESCAPE at (5,15)
R65 Bot8 ESCAPE at (13,1)
R65 Bot9 ESCAPE at (7,9)
R65 STALL Bot5 pos=(4,14) eff=(4,14) inv=2 has_active=false delivering=false eff_slots=1 trip=false stuck=false order_rds=66
R65 STALL Bot6 pos=(6,16) eff=(6,16) inv=3 has_active=false delivering=false eff_slots=0 trip=false stuck=false order_rds=66
R65 STALL Bot7 pos=(4,16) eff=(4,16) inv=3 has_active=true delivering=true eff_slots=0 trip=false stuck=false order_rds=66
R65 STALL Bot8 pos=(13,1) eff=(13,1) inv=0 has_active=false delivering=false eff_slots=3 trip=false stuck=false order_rds=66
R65 STALL Bot9 pos=(7,9) eff=(7,9) inv=0 has_active=false delivering=false eff_slots=3 trip=false stuck=false order_rds=66
R65 STALL Bot0 pos=(4,15) eff=(4,15) inv=3 has_active=true delivering=true eff_slots=0 trip=false stuck=false order_rds=66
R65 STALL Bot1 pos=(1,15) eff=(1,15) inv=1 has_active=false delivering=false eff_slots=2 trip=false stuck=false order_rds=66
R65 STALL Bot2 pos=(2,15) eff=(2,15) inv=3 has_active=false delivering=false eff_slots=0 trip=false stuck=false order_rds=66
R65 STALL Bot3 pos=(3,16) eff=(3,16) inv=2 has_active=false delivering=false eff_slots=1 trip=false stuck=false order_rds=66
R65 STALL Bot4 pos=(5,15) eff=(5,15) inv=3 has_active=false delivering=false eff_slots=0 trip=false stuck=false order_rds=66
R67 Bot7 ESCAPE at (5,16)
R69 Bot1 ESCAPE at (1,15)
R69 Bot2 ESCAPE at (2,15)
R69 Bot3 ESCAPE at (3,16)
R70 Bot5 ESCAPE at (4,13)
R70 STALL Bot0 pos=(4,15) eff=(4,15) inv=3 has_active=true delivering=true eff_slots=0 trip=false stuck=false order_rds=71
R70 STALL Bot1 pos=(1,15) eff=(1,15) inv=1 has_active=false delivering=false eff_slots=2 trip=false stuck=false order_rds=71
R70 STALL Bot2 pos=(2,15) eff=(2,15) inv=3 has_active=false delivering=false eff_slots=0 trip=false stuck=false order_rds=71
R70 STALL Bot3 pos=(3,16) eff=(3,16) inv=2 has_active=false delivering=false eff_slots=1 trip=false stuck=false order_rds=71
R70 STALL Bot4 pos=(4,16) eff=(4,16) inv=3 has_active=false delivering=false eff_slots=0 trip=false stuck=false order_rds=71
R70 STALL Bot5 pos=(4,13) eff=(4,13) inv=2 has_active=false delivering=false eff_slots=1 trip=false stuck=false order_rds=71
R70 STALL Bot6 pos=(6,15) eff=(6,15) inv=3 has_active=false delivering=false eff_slots=0 trip=false stuck=false order_rds=71
R70 STALL Bot7 pos=(5,15) eff=(5,15) inv=3 has_active=true delivering=true eff_slots=0 trip=false stuck=false order_rds=71
R70 STALL Bot8 pos=(12,1) eff=(12,1) inv=0 has_active=false delivering=false eff_slots=3 trip=false stuck=false order_rds=71
R70 STALL Bot9 pos=(6,9) eff=(6,9) inv=0 has_active=false delivering=false eff_slots=3 trip=false stuck=false order_rds=71
R71 Bot0 ESCAPE at (3,15)
R71 Bot8 ESCAPE at (13,1)
R71 Bot9 ESCAPE at (7,9)
R74 Bot0 stuck-order reset (rounds_on_order=75)
R74 Bot1 ESCAPE at (1,15)
R74 Bot1 stuck-order reset (rounds_on_order=75)
R74 Bot2 ESCAPE at (2,15)
R74 Bot2 stuck-order reset (rounds_on_order=75)
R74 Bot3 ESCAPE at (3,16)
R74 Bot3 stuck-order reset (rounds_on_order=75)
R74 Bot4 stuck-order reset (rounds_on_order=75)
R74 Bot5 stuck-order reset (rounds_on_order=75)
R74 Bot6 stuck-order reset (rounds_on_order=75)
R74 Bot7 stuck-order reset (rounds_on_order=75)
R74 Bot8 stuck-order reset (rounds_on_order=75)
R74 Bot9 stuck-order reset (rounds_on_order=75)
R75 ORCH: 0 types, 0 active + 0 preview assigned
R75 Score:3 items_on_map=120 stuck=false osc=1
R75 STALL Bot5 pos=(6,16) eff=(6,16) inv=2 has_active=false delivering=false eff_slots=1 trip=false stuck=false order_rds=76
R75 STALL Bot6 pos=(7,15) eff=(7,15) inv=3 has_active=false delivering=false eff_slots=0 trip=false stuck=false order_rds=76
R75 STALL Bot7 pos=(4,16) eff=(4,16) inv=3 has_active=true delivering=true eff_slots=0 trip=false stuck=false order_rds=76
R75 STALL Bot8 pos=(13,1) eff=(13,1) inv=0 has_active=false delivering=false eff_slots=3 trip=false stuck=false order_rds=76
R75 STALL Bot9 pos=(7,9) eff=(7,9) inv=0 has_active=false delivering=false eff_slots=3 trip=false stuck=false order_rds=76
R75 STALL Bot0 pos=(3,15) eff=(3,15) inv=3 has_active=true delivering=true eff_slots=0 trip=false stuck=false order_rds=76
R75 STALL Bot1 pos=(1,15) eff=(1,15) inv=1 has_active=false delivering=false eff_slots=2 trip=false stuck=false order_rds=76
R75 STALL Bot2 pos=(2,15) eff=(2,15) inv=3 has_active=false delivering=false eff_slots=0 trip=false stuck=false order_rds=76
R75 STALL Bot3 pos=(3,16) eff=(3,16) inv=2 has_active=false delivering=false eff_slots=1 trip=false stuck=false order_rds=76
R75 STALL Bot4 pos=(5,15) eff=(5,15) inv=3 has_active=false delivering=false eff_slots=0 trip=false stuck=false order_rds=76
R79 Bot1 ESCAPE at (1,15)
R79 Bot2 ESCAPE at (2,15)
R79 Bot3 ESCAPE at (3,16)
R80 Bot0 ESCAPE at (4,15)
R80 Bot8 ESCAPE at (12,1)
R80 Bot9 ESCAPE at (6,9)
R80 STALL Bot0 pos=(4,15) eff=(4,15) inv=3 has_active=true delivering=true eff_slots=0 trip=false stuck=false order_rds=81
R80 STALL Bot1 pos=(1,15) eff=(1,15) inv=1 has_active=false delivering=false eff_slots=2 trip=false stuck=false order_rds=81
R80 STALL Bot2 pos=(2,15) eff=(2,15) inv=3 has_active=false delivering=false eff_slots=0 trip=false stuck=false order_rds=81
R80 STALL Bot3 pos=(3,16) eff=(3,16) inv=2 has_active=false delivering=false eff_slots=1 trip=false stuck=false order_rds=81
R80 STALL Bot4 pos=(5,16) eff=(5,16) inv=3 has_active=false delivering=false eff_slots=0 trip=false stuck=false order_rds=81
R80 STALL Bot5 pos=(4,16) eff=(4,16) inv=2 has_active=false delivering=false eff_slots=1 trip=false stuck=false order_rds=81
R80 STALL Bot6 pos=(6,15) eff=(6,15) inv=3 has_active=false delivering=false eff_slots=0 trip=false stuck=false order_rds=81
R80 STALL Bot7 pos=(4,13) eff=(4,13) inv=3 has_active=true delivering=true eff_slots=0 trip=false stuck=false order_rds=81
R80 STALL Bot8 pos=(12,1) eff=(12,1) inv=0 has_active=false delivering=false eff_slots=3 trip=false stuck=false order_rds=81
R80 STALL Bot9 pos=(6,9) eff=(6,9) inv=0 has_active=false delivering=false eff_slots=3 trip=false stuck=false order_rds=81
R84 Bot1 ESCAPE at (1,15)
R84 Bot2 ESCAPE at (2,15)
R84 Bot3 ESCAPE at (3,16)
R84 Bot4 ESCAPE at (4,15)
R85 Bot6 ESCAPE at (5,15)
R85 STALL Bot5 pos=(4,15) eff=(4,15) inv=2 has_active=false delivering=false eff_slots=1 trip=false stuck=false order_rds=86
R85 STALL Bot6 pos=(5,15) eff=(5,15) inv=3 has_active=false delivering=false eff_slots=0 trip=false stuck=false order_rds=86
R85 STALL Bot7 pos=(4,16) eff=(4,16) inv=3 has_active=true delivering=true eff_slots=0 trip=false stuck=false order_rds=86
R85 STALL Bot8 pos=(13,1) eff=(13,1) inv=0 has_active=false delivering=false eff_slots=3 trip=false stuck=false order_rds=86
R85 STALL Bot9 pos=(7,9) eff=(7,9) inv=0 has_active=false delivering=false eff_slots=3 trip=false stuck=false order_rds=86
R85 STALL Bot0 pos=(3,15) eff=(3,15) inv=3 has_active=true delivering=true eff_slots=0 trip=false stuck=false order_rds=86
R85 STALL Bot1 pos=(1,15) eff=(1,15) inv=1 has_active=false delivering=false eff_slots=2 trip=false stuck=false order_rds=86
R85 STALL Bot2 pos=(2,15) eff=(2,15) inv=3 has_active=false delivering=false eff_slots=0 trip=false stuck=false order_rds=86
R85 STALL Bot3 pos=(3,16) eff=(3,16) inv=2 has_active=false delivering=false eff_slots=1 trip=false stuck=false order_rds=86
R85 STALL Bot4 pos=(4,14) eff=(4,14) inv=3 has_active=false delivering=false eff_slots=0 trip=false stuck=false order_rds=86
R86 Bot0 ESCAPE at (3,15)
R86 Bot7 ESCAPE at (4,16)
R86 Bot8 ESCAPE at (12,1)
R86 Bot9 ESCAPE at (6,9)
R89 Bot0 stuck-order reset (rounds_on_order=90)
R89 Bot1 ESCAPE at (1,15)
R89 Bot1 stuck-order reset (rounds_on_order=90)
R89 Bot2 ESCAPE at (2,15)
R89 Bot2 stuck-order reset (rounds_on_order=90)
R89 Bot3 ESCAPE at (3,16)
R89 Bot3 stuck-order reset (rounds_on_order=90)
R89 Bot4 stuck-order reset (rounds_on_order=90)
R89 Bot5 stuck-order reset (rounds_on_order=90)
R89 Bot6 stuck-order reset (rounds_on_order=90)
R89 Bot7 stuck-order reset (rounds_on_order=90)
R89 Bot8 stuck-order reset (rounds_on_order=90)
R89 Bot9 stuck-order reset (rounds_on_order=90)
R90 STALL Bot0 pos=(4,15) eff=(4,15) inv=3 has_active=true delivering=true eff_slots=0 trip=false stuck=false order_rds=91
R90 STALL Bot1 pos=(1,15) eff=(1,15) inv=1 has_active=false delivering=false eff_slots=2 trip=false stuck=false order_rds=91
R90 STALL Bot2 pos=(2,15) eff=(2,15) inv=3 has_active=false delivering=false eff_slots=0 trip=false stuck=false order_rds=91
R90 STALL Bot3 pos=(3,16) eff=(3,16) inv=2 has_active=false delivering=false eff_slots=1 trip=false stuck=false order_rds=91
R90 STALL Bot4 pos=(4,16) eff=(4,16) inv=3 has_active=false delivering=false eff_slots=0 trip=false stuck=false order_rds=91
R90 STALL Bot5 pos=(6,15) eff=(6,15) inv=2 has_active=false delivering=false eff_slots=1 trip=false stuck=false order_rds=91
R90 STALL Bot6 pos=(7,16) eff=(7,16) inv=3 has_active=false delivering=false eff_slots=0 trip=false stuck=false order_rds=91
R90 STALL Bot7 pos=(5,15) eff=(5,15) inv=3 has_active=true delivering=true eff_slots=0 trip=false stuck=false order_rds=91
R90 STALL Bot8 pos=(12,1) eff=(12,1) inv=0 has_active=false delivering=false eff_slots=3 trip=false stuck=false order_rds=91
R90 STALL Bot9 pos=(6,9) eff=(6,9) inv=0 has_active=false delivering=false eff_slots=3 trip=false stuck=false order_rds=91
R94 Bot1 ESCAPE at (1,15)
R94 Bot2 ESCAPE at (2,15)
R94 Bot3 ESCAPE at (3,16)
R95 Bot4 ESCAPE at (5,16)
R95 Bot8 ESCAPE at (13,1)
R95 Bot9 ESCAPE at (7,9)
R95 STALL Bot5 pos=(6,16) eff=(6,16) inv=2 has_active=false delivering=false eff_slots=1 trip=false stuck=false order_rds=96
R95 STALL Bot6 pos=(7,15) eff=(7,15) inv=3 has_active=false delivering=false eff_slots=0 trip=false stuck=false order_rds=96
R95 STALL Bot7 pos=(6,15) eff=(6,15) inv=3 has_active=true delivering=true eff_slots=0 trip=false stuck=false order_rds=96
R95 STALL Bot8 pos=(13,1) eff=(13,1) inv=0 has_active=false delivering=false eff_slots=3 trip=false stuck=false order_rds=96
R95 STALL Bot9 pos=(7,9) eff=(7,9) inv=0 has_active=false delivering=false eff_slots=3 trip=false stuck=false order_rds=96
R95 STALL Bot0 pos=(4,16) eff=(4,16) inv=3 has_active=true delivering=true eff_slots=0 trip=false stuck=false order_rds=96
R95 STALL Bot1 pos=(1,15) eff=(1,15) inv=1 has_active=false delivering=false eff_slots=2 trip=false stuck=false order_rds=96
R95 STALL Bot2 pos=(2,15) eff=(2,15) inv=3 has_active=false delivering=false eff_slots=0 trip=false stuck=false order_rds=96
R95 STALL Bot3 pos=(3,16) eff=(3,16) inv=2 has_active=false delivering=false eff_slots=1 trip=false stuck=false order_rds=96
R95 STALL Bot4 pos=(5,16) eff=(5,16) inv=3 has_active=false delivering=false eff_slots=0 trip=false stuck=false order_rds=96
R99 Bot1 ESCAPE at (1,15)
R99 Bot2 ESCAPE at (2,15)
R99 Bot3 ESCAPE at (3,16)
R100/300 Score:3
R100 Bot7 ESCAPE at (5,15)
R100 ORCH: 0 types, 0 active + 0 preview assigned
R100 Score:3 items_on_map=120 stuck=false osc=0
R100 STALL Bot0 pos=(6,15) eff=(6,15) inv=3 has_active=true delivering=true eff_slots=0 trip=false stuck=false order_rds=101
R100 STALL Bot1 pos=(1,15) eff=(1,15) inv=1 has_active=false delivering=false eff_slots=2 trip=false stuck=false order_rds=101
R100 STALL Bot2 pos=(2,15) eff=(2,15) inv=3 has_active=false delivering=false eff_slots=0 trip=false stuck=false order_rds=101
R100 STALL Bot3 pos=(3,16) eff=(3,16) inv=2 has_active=false delivering=false eff_slots=1 trip=false stuck=false order_rds=101
R100 STALL Bot4 pos=(4,16) eff=(4,16) inv=3 has_active=false delivering=false eff_slots=0 trip=false stuck=false order_rds=101
R100 STALL Bot5 pos=(7,16) eff=(7,16) inv=2 has_active=false delivering=false eff_slots=1 trip=false stuck=false order_rds=101
R100 STALL Bot6 pos=(8,15) eff=(8,15) inv=3 has_active=false delivering=false eff_slots=0 trip=false stuck=false order_rds=101
R100 STALL Bot7 pos=(5,15) eff=(5,15) inv=3 has_active=true delivering=true eff_slots=0 trip=false stuck=false order_rds=101
R100 STALL Bot8 pos=(12,1) eff=(12,1) inv=0 has_active=false delivering=false eff_slots=3 trip=false stuck=false order_rds=101
R100 STALL Bot9 pos=(6,9) eff=(6,9) inv=0 has_active=false delivering=false eff_slots=3 trip=false stuck=false order_rds=101
R101 Bot4 ESCAPE at (4,15)
R101 Bot8 ESCAPE at (13,1)
R101 Bot9 ESCAPE at (7,9)
R104 Bot0 stuck-order reset (rounds_on_order=105)
R104 Bot1 ESCAPE at (1,15)
R104 Bot1 stuck-order reset (rounds_on_order=105)
R104 Bot2 ESCAPE at (2,15)
R104 Bot2 stuck-order reset (rounds_on_order=105)
R104 Bot3 ESCAPE at (3,16)
R104 Bot3 stuck-order reset (rounds_on_order=105)
R104 Bot4 stuck-order reset (rounds_on_order=105)
R104 Bot5 stuck-order reset (rounds_on_order=105)
R104 Bot6 stuck-order reset (rounds_on_order=105)
R104 Bot7 stuck-order reset (rounds_on_order=105)
R104 Bot8 stuck-order reset (rounds_on_order=105)
R104 Bot9 stuck-order reset (rounds_on_order=105)
R105 STALL Bot5 pos=(5,15) eff=(5,15) inv=2 has_active=false delivering=false eff_slots=1 trip=false stuck=false order_rds=106
R105 STALL Bot6 pos=(7,15) eff=(7,15) inv=3 has_active=false delivering=false eff_slots=0 trip=false stuck=false order_rds=106
R105 STALL Bot7 pos=(5,16) eff=(5,16) inv=3 has_active=true delivering=true eff_slots=0 trip=false stuck=false order_rds=106
R105 STALL Bot8 pos=(13,1) eff=(13,1) inv=0 has_active=false delivering=false eff_slots=3 trip=false stuck=false order_rds=106
R105 STALL Bot9 pos=(7,9) eff=(7,9) inv=0 has_active=false delivering=false eff_slots=3 trip=false stuck=false order_rds=106
R105 STALL Bot0 pos=(4,16) eff=(4,16) inv=3 has_active=true delivering=true eff_slots=0 trip=false stuck=false order_rds=106
R105 STALL Bot1 pos=(1,15) eff=(1,15) inv=1 has_active=false delivering=false eff_slots=2 trip=false stuck=false order_rds=106
R105 STALL Bot2 pos=(2,15) eff=(2,15) inv=3 has_active=false delivering=false eff_slots=0 trip=false stuck=false order_rds=106
R105 STALL Bot3 pos=(3,16) eff=(3,16) inv=2 has_active=false delivering=false eff_slots=1 trip=false stuck=false order_rds=106
R105 STALL Bot4 pos=(4,15) eff=(4,15) inv=3 has_active=false delivering=false eff_slots=0 trip=false stuck=false order_rds=106
R109 Bot1 ESCAPE at (1,15)
R109 Bot2 ESCAPE at (2,15)
R109 Bot3 ESCAPE at (3,16)
R110 Bot8 ESCAPE at (12,1)
R110 Bot9 ESCAPE at (6,9)
R110 STALL Bot0 pos=(3,15) eff=(3,15) inv=3 has_active=true delivering=true eff_slots=0 trip=false stuck=false order_rds=111
R110 STALL Bot1 pos=(1,15) eff=(1,15) inv=1 has_active=false delivering=false eff_slots=2 trip=false stuck=false order_rds=111
R110 STALL Bot2 pos=(2,15) eff=(2,15) inv=3 has_active=false delivering=false eff_slots=0 trip=false stuck=false order_rds=111
R110 STALL Bot3 pos=(3,16) eff=(3,16) inv=2 has_active=false delivering=false eff_slots=1 trip=false stuck=false order_rds=111
R110 STALL Bot4 pos=(4,14) eff=(4,14) inv=3 has_active=false delivering=false eff_slots=0 trip=false stuck=false order_rds=111
R110 STALL Bot5 pos=(5,16) eff=(5,16) inv=2 has_active=false delivering=false eff_slots=1 trip=false stuck=false order_rds=111
R110 STALL Bot6 pos=(4,15) eff=(4,15) inv=3 has_active=false delivering=false eff_slots=0 trip=false stuck=false order_rds=111
R110 STALL Bot7 pos=(4,16) eff=(4,16) inv=3 has_active=true delivering=true eff_slots=0 trip=false stuck=false order_rds=111
R110 STALL Bot8 pos=(12,1) eff=(12,1) inv=0 has_active=false delivering=false eff_slots=3 trip=false stuck=false order_rds=111
R110 STALL Bot9 pos=(6,9) eff=(6,9) inv=0 has_active=false delivering=false eff_slots=3 trip=false stuck=false order_rds=111
R114 Bot0 ESCAPE at (3,15)
R114 Bot1 ESCAPE at (1,15)
R114 Bot2 ESCAPE at (2,15)
R114 Bot3 ESCAPE at (3,16)
R115 STALL Bot5 pos=(5,15) eff=(5,15) inv=2 has_active=false delivering=false eff_slots=1 trip=false stuck=false order_rds=116
R115 STALL Bot6 pos=(4,14) eff=(4,14) inv=3 has_active=false delivering=false eff_slots=0 trip=false stuck=false order_rds=116
R115 STALL Bot7 pos=(4,15) eff=(4,15) inv=3 has_active=true delivering=true eff_slots=0 trip=false stuck=false order_rds=116
R115 STALL Bot8 pos=(13,1) eff=(13,1) inv=0 has_active=false delivering=false eff_slots=3 trip=false stuck=false order_rds=116
R115 STALL Bot9 pos=(7,9) eff=(7,9) inv=0 has_active=false delivering=false eff_slots=3 trip=false stuck=false order_rds=116
R115 STALL Bot0 pos=(3,15) eff=(3,15) inv=3 has_active=true delivering=true eff_slots=0 trip=false stuck=false order_rds=116
R115 STALL Bot1 pos=(1,15) eff=(1,15) inv=1 has_active=false delivering=false eff_slots=2 trip=false stuck=false order_rds=116
R115 STALL Bot2 pos=(2,15) eff=(2,15) inv=3 has_active=false delivering=false eff_slots=0 trip=false stuck=false order_rds=116
R115 STALL Bot3 pos=(3,16) eff=(3,16) inv=2 has_active=false delivering=false eff_slots=1 trip=false stuck=false order_rds=116
R115 STALL Bot4 pos=(4,13) eff=(4,13) inv=3 has_active=false delivering=false eff_slots=0 trip=false stuck=false order_rds=116
R116 Bot8 ESCAPE at (12,1)
R116 Bot9 ESCAPE at (6,9)
R119 Bot0 stuck-order reset (rounds_on_order=120)
R119 Bot1 ESCAPE at (1,15)
R119 Bot1 stuck-order reset (rounds_on_order=120)
R119 Bot2 ESCAPE at (2,15)
R119 Bot2 stuck-order reset (rounds_on_order=120)
R119 Bot3 ESCAPE at (3,16)
R119 Bot3 stuck-order reset (rounds_on_order=120)
R119 Bot4 stuck-order reset (rounds_on_order=120)
R119 Bot5 ESCAPE at (5,15)
R119 Bot5 stuck-order reset (rounds_on_order=120)
R119 Bot6 stuck-order reset (rounds_on_order=120)
R119 Bot7 ESCAPE at (5,16)
R119 Bot7 stuck-order reset (rounds_on_order=120)
R119 Bot8 stuck-order reset (rounds_on_order=120)
R119 Bot9 stuck-order reset (rounds_on_order=120)
R120 STALL Bot0 pos=(3,15) eff=(3,15) inv=3 has_active=true delivering=true eff_slots=0 trip=false stuck=false order_rds=121
R120 STALL Bot1 pos=(1,15) eff=(1,15) inv=1 has_active=false delivering=false eff_slots=2 trip=false stuck=false order_rds=121
R120 STALL Bot2 pos=(2,15) eff=(2,15) inv=3 has_active=false delivering=false eff_slots=0 trip=false stuck=false order_rds=121
R120 STALL Bot3 pos=(3,16) eff=(3,16) inv=2 has_active=false delivering=false eff_slots=1 trip=false stuck=false order_rds=121
R120 STALL Bot4 pos=(4,14) eff=(4,14) inv=3 has_active=false delivering=false eff_slots=0 trip=false stuck=false order_rds=121
R120 STALL Bot5 pos=(6,15) eff=(6,15) inv=2 has_active=false delivering=false eff_slots=1 trip=false stuck=false order_rds=121
R120 STALL Bot6 pos=(4,16) eff=(4,16) inv=3 has_active=false delivering=false eff_slots=0 trip=false stuck=false order_rds=121
R120 STALL Bot7 pos=(5,15) eff=(5,15) inv=3 has_active=true delivering=true eff_slots=0 trip=false stuck=false order_rds=121
R120 STALL Bot8 pos=(12,1) eff=(12,1) inv=0 has_active=false delivering=false eff_slots=3 trip=false stuck=false order_rds=121
R120 STALL Bot9 pos=(6,9) eff=(6,9) inv=0 has_active=false delivering=false eff_slots=3 trip=false stuck=false order_rds=121
R124 Bot1 ESCAPE at (1,15)
R124 Bot2 ESCAPE at (2,15)
R124 Bot3 ESCAPE at (3,16)
R125 Bot0 ESCAPE at (3,15)
R125 Bot8 ESCAPE at (13,1)
R125 Bot9 ESCAPE at (7,9)
R125 ORCH: 0 types, 0 active + 0 preview assigned
R125 Score:3 items_on_map=120 stuck=false osc=0
R125 STALL Bot5 pos=(7,15) eff=(7,15) inv=2 has_active=false delivering=false eff_slots=1 trip=false stuck=false order_rds=126
R125 STALL Bot6 pos=(5,16) eff=(5,16) inv=3 has_active=false delivering=false eff_slots=0 trip=false stuck=false order_rds=126
R125 STALL Bot7 pos=(6,15) eff=(6,15) inv=3 has_active=true delivering=true eff_slots=0 trip=false stuck=false order_rds=126
R125 STALL Bot8 pos=(13,1) eff=(13,1) inv=0 has_active=false delivering=false eff_slots=3 trip=false stuck=false order_rds=126
R125 STALL Bot9 pos=(7,9) eff=(7,9) inv=0 has_active=false delivering=false eff_slots=3 trip=false stuck=false order_rds=126
R125 STALL Bot0 pos=(3,15) eff=(3,15) inv=3 has_active=true delivering=true eff_slots=0 trip=false stuck=false order_rds=126
R125 STALL Bot1 pos=(1,15) eff=(1,15) inv=1 has_active=false delivering=false eff_slots=2 trip=false stuck=false order_rds=126
R125 STALL Bot2 pos=(2,15) eff=(2,15) inv=3 has_active=false delivering=false eff_slots=0 trip=false stuck=false order_rds=126
R125 STALL Bot3 pos=(3,16) eff=(3,16) inv=2 has_active=false delivering=false eff_slots=1 trip=false stuck=false order_rds=126
R125 STALL Bot4 pos=(4,15) eff=(4,15) inv=3 has_active=false delivering=false eff_slots=0 trip=false stuck=false order_rds=126
R129 Bot1 ESCAPE at (1,15)
R129 Bot2 ESCAPE at (2,15)
R129 Bot3 ESCAPE at (3,16)
R130 OFFSET MODE ENABLED (5/6 moving mismatches)
R130 Bot0 ESCAPE at (3,15)
R130 STALL Bot0 pos=(3,15) eff=(4,15) inv=3 has_active=true delivering=true eff_slots=0 trip=false stuck=false order_rds=131
R130 STALL Bot1 pos=(1,15) eff=(1,15) inv=1 has_active=false delivering=false eff_slots=2 trip=false stuck=false order_rds=131
R130 STALL Bot2 pos=(2,15) eff=(2,15) inv=3 has_active=false delivering=false eff_slots=0 trip=false stuck=false order_rds=131
R130 STALL Bot3 pos=(3,16) eff=(3,16) inv=2 has_active=false delivering=false eff_slots=1 trip=false stuck=false order_rds=131
R130 STALL Bot4 pos=(4,15) eff=(5,15) inv=3 has_active=false delivering=false eff_slots=0 trip=false stuck=false order_rds=131
R130 STALL Bot5 pos=(6,15) eff=(7,15) inv=2 has_active=false delivering=false eff_slots=1 trip=false stuck=false order_rds=131
R130 STALL Bot6 pos=(4,16) eff=(4,16) inv=3 has_active=false delivering=false eff_slots=0 trip=false stuck=false order_rds=131
R130 STALL Bot7 pos=(5,16) eff=(5,15) inv=3 has_active=true delivering=true eff_slots=0 trip=false stuck=false order_rds=131
R130 STALL Bot8 pos=(11,1) eff=(12,1) inv=0 has_active=false delivering=false eff_slots=3 trip=false stuck=false order_rds=131
R130 STALL Bot9 pos=(7,9) eff=(8,9) inv=0 has_active=false delivering=false eff_slots=3 trip=false stuck=false order_rds=131
R132 Bot6 ESCAPE at (4,15)
R134 Bot0 stuck-order reset (rounds_on_order=135)
R134 Bot1 ESCAPE at (1,15)
R134 Bot1 stuck-order reset (rounds_on_order=135)
R134 Bot2 ESCAPE at (2,15)
R134 Bot2 stuck-order reset (rounds_on_order=135)
R134 Bot3 ESCAPE at (3,16)
R134 Bot3 stuck-order reset (rounds_on_order=135)
R134 Bot4 stuck-order reset (rounds_on_order=135)
R134 Bot5 stuck-order reset (rounds_on_order=135)
R134 Bot6 stuck-order reset (rounds_on_order=135)
R134 Bot7 ESCAPE at (5,16)
R134 Bot7 stuck-order reset (rounds_on_order=135)
R134 Bot8 stuck-order reset (rounds_on_order=135)
R134 Bot9 stuck-order reset (rounds_on_order=135)
R135 STALL Bot5 pos=(6,16) eff=(5,16) inv=2 has_active=false delivering=false eff_slots=1 trip=false stuck=false order_rds=136
R135 STALL Bot6 pos=(4,16) eff=(4,15) inv=3 has_active=false delivering=false eff_slots=0 trip=false stuck=false order_rds=136
R135 STALL Bot7 pos=(5,16) eff=(5,16) inv=3 has_active=true delivering=true eff_slots=0 trip=false stuck=false order_rds=136
R135 STALL Bot8 pos=(12,1) eff=(13,1) inv=0 has_active=false delivering=false eff_slots=3 trip=false stuck=false order_rds=136
R135 STALL Bot9 pos=(8,9) eff=(9,9) inv=0 has_active=false delivering=false eff_slots=3 trip=false stuck=false order_rds=136
R135 STALL Bot0 pos=(3,15) eff=(2,15) inv=3 has_active=true delivering=true eff_slots=0 trip=false stuck=false order_rds=136
R135 STALL Bot1 pos=(1,15) eff=(1,15) inv=1 has_active=false delivering=false eff_slots=2 trip=false stuck=false order_rds=136
R135 STALL Bot2 pos=(2,15) eff=(2,15) inv=3 has_active=false delivering=false eff_slots=0 trip=false stuck=false order_rds=136
R135 STALL Bot3 pos=(3,16) eff=(3,16) inv=2 has_active=false delivering=false eff_slots=1 trip=false stuck=false order_rds=136
R135 STALL Bot4 pos=(5,15) eff=(4,15) inv=3 has_active=false delivering=false eff_slots=0 trip=false stuck=false order_rds=136
R139 Bot0 ESCAPE at (3,15)
R139 Bot1 ESCAPE at (1,15)
R139 Bot2 ESCAPE at (2,15)
R139 Bot3 ESCAPE at (3,16)
R140 Bot6 ESCAPE at (4,16)
R140 Bot8 ESCAPE at (13,1)
R140 STALL Bot0 pos=(3,15) eff=(3,16) inv=3 has_active=true delivering=true eff_slots=0 trip=false stuck=false order_rds=141
R140 STALL Bot1 pos=(1,15) eff=(1,15) inv=1 has_active=false delivering=false eff_slots=2 trip=false stuck=false order_rds=141
R140 STALL Bot2 pos=(2,15) eff=(2,15) inv=3 has_active=false delivering=false eff_slots=0 trip=false stuck=false order_rds=141
R140 STALL Bot3 pos=(3,16) eff=(3,16) inv=2 has_active=false delivering=false eff_slots=1 trip=false stuck=false order_rds=141
R140 STALL Bot4 pos=(4,13) eff=(4,14) inv=3 has_active=false delivering=false eff_slots=0 trip=false stuck=false order_rds=141
R140 STALL Bot5 pos=(5,16) eff=(5,15) inv=2 has_active=false delivering=false eff_slots=1 trip=false stuck=false order_rds=141
R140 STALL Bot6 pos=(4,16) eff=(5,16) inv=3 has_active=false delivering=false eff_slots=0 trip=false stuck=false order_rds=141
R140 STALL Bot7 pos=(4,15) eff=(4,16) inv=3 has_active=true delivering=true eff_slots=0 trip=false stuck=false order_rds=141
R140 STALL Bot8 pos=(13,1) eff=(12,1) inv=0 has_active=false delivering=false eff_slots=3 trip=false stuck=false order_rds=141
R140 STALL Bot9 pos=(9,9) eff=(8,9) inv=0 has_active=false delivering=false eff_slots=3 trip=false stuck=false order_rds=141
R142 Bot4 ESCAPE at (4,15)
R142 Bot9 ESCAPE at (9,9)
R144 Bot0 ESCAPE at (3,15)
R144 Bot1 ESCAPE at (1,15)
R144 Bot2 ESCAPE at (2,15)
R144 Bot3 ESCAPE at (3,16)
R145 STALL Bot5 pos=(6,16) eff=(6,15) inv=2 has_active=false delivering=false eff_slots=1 trip=false stuck=false order_rds=146
R145 STALL Bot6 pos=(5,16) eff=(5,15) inv=3 has_active=false delivering=false eff_slots=0 trip=false stuck=false order_rds=146
R145 STALL Bot7 pos=(4,16) eff=(4,16) inv=3 has_active=true delivering=true eff_slots=0 trip=false stuck=false order_rds=146
R145 STALL Bot8 pos=(12,1) eff=(13,1) inv=0 has_active=false delivering=false eff_slots=3 trip=false stuck=false order_rds=146
R145 STALL Bot9 pos=(8,9) eff=(9,9) inv=0 has_active=false delivering=false eff_slots=3 trip=false stuck=false order_rds=146
R145 STALL Bot0 pos=(3,15) eff=(2,15) inv=3 has_active=true delivering=true eff_slots=0 trip=false stuck=false order_rds=146
R145 STALL Bot1 pos=(1,15) eff=(1,15) inv=1 has_active=false delivering=false eff_slots=2 trip=false stuck=false order_rds=146
R145 STALL Bot2 pos=(2,15) eff=(2,15) inv=3 has_active=false delivering=false eff_slots=0 trip=false stuck=false order_rds=146
R145 STALL Bot3 pos=(3,16) eff=(3,16) inv=2 has_active=false delivering=false eff_slots=1 trip=false stuck=false order_rds=146
R145 STALL Bot4 pos=(5,15) eff=(4,15) inv=3 has_active=false delivering=false eff_slots=0 trip=false stuck=false order_rds=146
R146 Bot8 ESCAPE at (13,1)
R148 Bot9 ESCAPE at (9,9)
R149 Bot0 ESCAPE at (3,15)
R149 Bot0 stuck-order reset (rounds_on_order=150)
R149 Bot1 ESCAPE at (1,15)
R149 Bot1 stuck-order reset (rounds_on_order=150)
R149 Bot2 ESCAPE at (2,15)
R149 Bot2 stuck-order reset (rounds_on_order=150)
R149 Bot3 ESCAPE at (3,16)
R149 Bot3 stuck-order reset (rounds_on_order=150)
R149 Bot4 stuck-order reset (rounds_on_order=150)
R149 Bot5 stuck-order reset (rounds_on_order=150)
R149 Bot6 stuck-order reset (rounds_on_order=150)
R149 Bot7 stuck-order reset (rounds_on_order=150)
R149 Bot8 stuck-order reset (rounds_on_order=150)
R149 Bot9 stuck-order reset (rounds_on_order=150)
R150/300 Score:3
R150 ORCH: 0 types, 0 active + 0 preview assigned
R150 Score:3 items_on_map=120 stuck=false osc=1
R150 STALL Bot0 pos=(3,15) eff=(3,16) inv=3 has_active=true delivering=true eff_slots=0 trip=false stuck=false order_rds=151
R150 STALL Bot1 pos=(1,15) eff=(1,15) inv=1 has_active=false delivering=false eff_slots=2 trip=false stuck=false order_rds=151
R150 STALL Bot2 pos=(2,15) eff=(2,15) inv=3 has_active=false delivering=false eff_slots=0 trip=false stuck=false order_rds=151
R150 STALL Bot3 pos=(3,16) eff=(3,16) inv=2 has_active=false delivering=false eff_slots=1 trip=false stuck=false order_rds=151
R150 STALL Bot4 pos=(4,15) eff=(3,15) inv=3 has_active=false delivering=false eff_slots=0 trip=false stuck=false order_rds=151
R150 STALL Bot5 pos=(5,16) eff=(4,16) inv=2 has_active=false delivering=false eff_slots=1 trip=false stuck=false order_rds=151
R150 STALL Bot6 pos=(5,15) eff=(5,16) inv=3 has_active=false delivering=false eff_slots=0 trip=false stuck=false order_rds=151
R150 STALL Bot7 pos=(4,16) eff=(4,15) inv=3 has_active=true delivering=true eff_slots=0 trip=false stuck=false order_rds=151
R150 STALL Bot8 pos=(13,1) eff=(12,1) inv=0 has_active=false delivering=false eff_slots=3 trip=false stuck=false order_rds=151
R150 STALL Bot9 pos=(9,9) eff=(8,9) inv=0 has_active=false delivering=false eff_slots=3 trip=false stuck=false order_rds=151
R154 Bot0 ESCAPE at (3,15)
R154 Bot1 ESCAPE at (1,15)
R154 Bot2 ESCAPE at (2,15)
R154 Bot3 ESCAPE at (3,16)
R154 Bot4 ESCAPE at (4,14)
R154 Bot7 ESCAPE at (4,16)
R155 Bot5 ESCAPE at (6,16)
R155 Bot6 ESCAPE at (5,16)
R155 Bot8 ESCAPE at (12,1)
R155 Bot9 ESCAPE at (8,9)
R155 STALL Bot5 pos=(6,16) eff=(5,16) inv=2 has_active=false delivering=false eff_slots=1 trip=false stuck=false order_rds=156
R155 STALL Bot6 pos=(5,16) eff=(5,15) inv=3 has_active=false delivering=false eff_slots=0 trip=false stuck=false order_rds=156
R155 STALL Bot7 pos=(4,16) eff=(3,16) inv=3 has_active=true delivering=true eff_slots=0 trip=false stuck=false order_rds=156
R155 STALL Bot8 pos=(12,1) eff=(13,1) inv=0 has_active=false delivering=false eff_slots=3 trip=false stuck=false order_rds=156
R155 STALL Bot9 pos=(8,9) eff=(9,9) inv=0 has_active=false delivering=false eff_slots=3 trip=false stuck=false order_rds=156
R155 STALL Bot0 pos=(3,15) eff=(4,15) inv=3 has_active=true delivering=true eff_slots=0 trip=false stuck=false order_rds=156
R155 STALL Bot1 pos=(1,15) eff=(1,15) inv=1 has_active=false delivering=false eff_slots=2 trip=false stuck=false order_rds=156
R155 STALL Bot2 pos=(2,15) eff=(2,15) inv=3 has_active=false delivering=false eff_slots=0 trip=false stuck=false order_rds=156
R155 STALL Bot3 pos=(3,16) eff=(3,16) inv=2 has_active=false delivering=false eff_slots=1 trip=false stuck=false order_rds=156
R155 STALL Bot4 pos=(4,15) eff=(4,16) inv=3 has_active=false delivering=false eff_slots=0 trip=false stuck=false order_rds=156
R159 Bot1 ESCAPE at (1,15)
R159 Bot2 ESCAPE at (2,15)
R159 Bot3 ESCAPE at (3,16)
R159 Bot7 ESCAPE at (4,16)
R160 Bot4 ESCAPE at (4,15)
R160 STALL Bot0 pos=(3,15) eff=(3,15) inv=3 has_active=true delivering=true eff_slots=0 trip=false stuck=false order_rds=161
R160 STALL Bot1 pos=(1,15) eff=(1,15) inv=1 has_active=false delivering=false eff_slots=2 trip=false stuck=false order_rds=161
R160 STALL Bot2 pos=(2,15) eff=(2,15) inv=3 has_active=false delivering=false eff_slots=0 trip=false stuck=false order_rds=161
R160 STALL Bot3 pos=(3,16) eff=(3,16) inv=2 has_active=false delivering=false eff_slots=1 trip=false stuck=false order_rds=161
R160 STALL Bot4 pos=(4,15) eff=(4,16) inv=3 has_active=false delivering=false eff_slots=0 trip=false stuck=false order_rds=161
R160 STALL Bot5 pos=(5,16) eff=(5,15) inv=2 has_active=false delivering=false eff_slots=1 trip=false stuck=false order_rds=161
R160 STALL Bot6 pos=(5,15) eff=(6,15) inv=3 has_active=false delivering=false eff_slots=0 trip=false stuck=false order_rds=161
R160 STALL Bot7 pos=(4,16) eff=(3,16) inv=3 has_active=true delivering=true eff_slots=0 trip=false stuck=false order_rds=161
R160 STALL Bot8 pos=(13,1) eff=(12,1) inv=0 has_active=false delivering=false eff_slots=3 trip=false stuck=false order_rds=161
R160 STALL Bot9 pos=(9,9) eff=(8,9) inv=0 has_active=false delivering=false eff_slots=3 trip=false stuck=false order_rds=161
R161 Bot0 ESCAPE at (3,15)
R161 Bot8 ESCAPE at (12,1)
R161 Bot9 ESCAPE at (8,9)
R163 Bot5 ESCAPE at (5,16)
R164 Bot0 stuck-order reset (rounds_on_order=165)
R164 Bot1 ESCAPE at (1,15)
R164 Bot1 stuck-order reset (rounds_on_order=165)
R164 Bot2 ESCAPE at (2,15)
R164 Bot2 stuck-order reset (rounds_on_order=165)
R164 Bot3 ESCAPE at (3,16)
R164 Bot3 stuck-order reset (rounds_on_order=165)
R164 Bot4 stuck-order reset (rounds_on_order=165)
R164 Bot5 stuck-order reset (rounds_on_order=165)
R164 Bot6 stuck-order reset (rounds_on_order=165)
R164 Bot7 ESCAPE at (4,16)
R164 Bot7 stuck-order reset (rounds_on_order=165)
R164 Bot8 stuck-order reset (rounds_on_order=165)
R164 Bot9 stuck-order reset (rounds_on_order=165)
R165 STALL Bot5 pos=(5,16) eff=(5,15) inv=2 has_active=false delivering=false eff_slots=1 trip=false stuck=false order_rds=166
R165 STALL Bot6 pos=(6,16) eff=(6,15) inv=3 has_active=false delivering=false eff_slots=0 trip=false stuck=false order_rds=166
R165 STALL Bot7 pos=(4,16) eff=(3,16) inv=3 has_active=true delivering=true eff_slots=0 trip=false stuck=false order_rds=166
R165 STALL Bot8 pos=(12,1) eff=(13,1) inv=0 has_active=false delivering=false eff_slots=3 trip=false stuck=false order_rds=166
R165 STALL Bot9 pos=(8,9) eff=(9,9) inv=0 has_active=false delivering=false eff_slots=3 trip=false stuck=false order_rds=166
R165 STALL Bot0 pos=(3,15) eff=(3,15) inv=3 has_active=true delivering=true eff_slots=0 trip=false stuck=false order_rds=166
R165 STALL Bot1 pos=(1,15) eff=(1,15) inv=1 has_active=false delivering=false eff_slots=2 trip=false stuck=false order_rds=166
R165 STALL Bot2 pos=(2,15) eff=(2,15) inv=3 has_active=false delivering=false eff_slots=0 trip=false stuck=false order_rds=166
R165 STALL Bot3 pos=(3,16) eff=(3,16) inv=2 has_active=false delivering=false eff_slots=1 trip=false stuck=false order_rds=166
R165 STALL Bot4 pos=(4,15) eff=(4,16) inv=3 has_active=false delivering=false eff_slots=0 trip=false stuck=false order_rds=166
R169 Bot1 ESCAPE at (1,15)
R169 Bot2 ESCAPE at (2,15)
R169 Bot3 ESCAPE at (3,16)
R169 Bot7 ESCAPE at (4,16)
R170 Bot8 ESCAPE at (13,1)
R170 Bot9 ESCAPE at (9,9)
R170 STALL Bot0 pos=(3,15) eff=(3,15) inv=3 has_active=true delivering=true eff_slots=0 trip=false stuck=false order_rds=171
R170 STALL Bot1 pos=(1,15) eff=(1,15) inv=1 has_active=false delivering=false eff_slots=2 trip=false stuck=false order_rds=171
R170 STALL Bot2 pos=(2,15) eff=(2,15) inv=3 has_active=false delivering=false eff_slots=0 trip=false stuck=false order_rds=171
R170 STALL Bot3 pos=(3,16) eff=(3,16) inv=2 has_active=false delivering=false eff_slots=1 trip=false stuck=false order_rds=171
R170 STALL Bot4 pos=(4,15) eff=(4,16) inv=3 has_active=false delivering=false eff_slots=0 trip=false stuck=false order_rds=171
R170 STALL Bot5 pos=(5,16) eff=(5,15) inv=2 has_active=false delivering=false eff_slots=1 trip=false stuck=false order_rds=171
R170 STALL Bot6 pos=(6,15) eff=(6,16) inv=3 has_active=false delivering=false eff_slots=0 trip=false stuck=false order_rds=171
R170 STALL Bot7 pos=(4,16) eff=(3,16) inv=3 has_active=true delivering=true eff_slots=0 trip=false stuck=false order_rds=171
R170 STALL Bot8 pos=(13,1) eff=(12,1) inv=0 has_active=false delivering=false eff_slots=3 trip=false stuck=false order_rds=171
R170 STALL Bot9 pos=(9,9) eff=(8,9) inv=0 has_active=false delivering=false eff_slots=3 trip=false stuck=false order_rds=171
R172 Bot0 ESCAPE at (3,15)
R172 Bot4 ESCAPE at (4,14)
R174 Bot1 ESCAPE at (1,15)
R174 Bot2 ESCAPE at (2,15)
R174 Bot3 ESCAPE at (3,16)
R174 Bot6 ESCAPE at (6,16)
R174 Bot7 ESCAPE at (4,16)
R175 Bot5 ESCAPE at (5,16)
R175 ORCH: 0 types, 0 active + 0 preview assigned
R175 Score:3 items_on_map=120 stuck=false osc=4
R175 STALL Bot5 pos=(5,16) eff=(5,15) inv=2 has_active=false delivering=false eff_slots=1 trip=false stuck=false order_rds=176
R175 STALL Bot6 pos=(6,16) eff=(6,15) inv=3 has_active=false delivering=false eff_slots=0 trip=false stuck=false order_rds=176
R175 STALL Bot7 pos=(4,16) eff=(3,16) inv=3 has_active=true delivering=true eff_slots=0 trip=false stuck=false order_rds=176
R175 STALL Bot8 pos=(12,1) eff=(13,1) inv=0 has_active=false delivering=false eff_slots=3 trip=false stuck=false order_rds=176
R175 STALL Bot9 pos=(8,9) eff=(9,9) inv=0 has_active=false delivering=false eff_slots=3 trip=false stuck=false order_rds=176
R175 STALL Bot0 pos=(3,15) eff=(3,15) inv=3 has_active=true delivering=true eff_slots=0 trip=false stuck=false order_rds=176
R175 STALL Bot1 pos=(1,15) eff=(1,15) inv=1 has_active=false delivering=false eff_slots=2 trip=false stuck=false order_rds=176
R175 STALL Bot2 pos=(2,15) eff=(2,15) inv=3 has_active=false delivering=false eff_slots=0 trip=false stuck=false order_rds=176
R175 STALL Bot3 pos=(3,16) eff=(3,16) inv=2 has_active=false delivering=false eff_slots=1 trip=false stuck=false order_rds=176
R175 STALL Bot4 pos=(4,15) eff=(4,16) inv=3 has_active=false delivering=false eff_slots=0 trip=false stuck=false order_rds=176
R176 Bot8 ESCAPE at (13,1)
R176 Bot9 ESCAPE at (9,9)
R177 Bot0 ESCAPE at (3,15)
R179 Bot0 stuck-order reset (rounds_on_order=180)
R179 Bot1 ESCAPE at (1,15)
R179 Bot1 stuck-order reset (rounds_on_order=180)
R179 Bot2 ESCAPE at (2,15)
R179 Bot2 stuck-order reset (rounds_on_order=180)
R179 Bot3 ESCAPE at (3,16)
R179 Bot3 stuck-order reset (rounds_on_order=180)
R179 Bot4 stuck-order reset (rounds_on_order=180)
R179 Bot5 stuck-order reset (rounds_on_order=180)
R179 Bot6 stuck-order reset (rounds_on_order=180)
R179 Bot7 ESCAPE at (4,16)
R179 Bot7 stuck-order reset (rounds_on_order=180)
R179 Bot8 stuck-order reset (rounds_on_order=180)
R179 Bot9 stuck-order reset (rounds_on_order=180)
R180 STALL Bot0 pos=(3,15) eff=(3,15) inv=3 has_active=true delivering=true eff_slots=0 trip=false stuck=false order_rds=181
R180 STALL Bot1 pos=(1,15) eff=(1,15) inv=1 has_active=false delivering=false eff_slots=2 trip=false stuck=false order_rds=181
R180 STALL Bot2 pos=(2,15) eff=(2,15) inv=3 has_active=false delivering=false eff_slots=0 trip=false stuck=false order_rds=181
R180 STALL Bot3 pos=(3,16) eff=(3,16) inv=2 has_active=false delivering=false eff_slots=1 trip=false stuck=false order_rds=181
R180 STALL Bot4 pos=(4,15) eff=(4,16) inv=3 has_active=false delivering=false eff_slots=0 trip=false stuck=false order_rds=181
R180 STALL Bot5 pos=(5,16) eff=(5,15) inv=2 has_active=false delivering=false eff_slots=1 trip=false stuck=false order_rds=181
R180 STALL Bot6 pos=(6,15) eff=(6,16) inv=3 has_active=false delivering=false eff_slots=0 trip=false stuck=false order_rds=181
R180 STALL Bot7 pos=(4,16) eff=(3,16) inv=3 has_active=true delivering=true eff_slots=0 trip=false stuck=false order_rds=181
R180 STALL Bot8 pos=(13,1) eff=(12,1) inv=0 has_active=false delivering=false eff_slots=3 trip=false stuck=false order_rds=181
R180 STALL Bot9 pos=(9,9) eff=(8,9) inv=0 has_active=false delivering=false eff_slots=3 trip=false stuck=false order_rds=181
R184 Bot0 ESCAPE at (3,15)
R184 Bot1 ESCAPE at (1,15)
R184 Bot2 ESCAPE at (2,15)
R184 Bot3 ESCAPE at (3,16)
R184 Bot7 ESCAPE at (4,16)
R185 Bot5 ESCAPE at (5,16)
R185 Bot6 ESCAPE at (6,16)
R185 Bot8 ESCAPE at (12,1)
R185 Bot9 ESCAPE at (8,9)
R185 STALL Bot5 pos=(5,16) eff=(5,15) inv=2 has_active=false delivering=false eff_slots=1 trip=false stuck=false order_rds=186
R185 STALL Bot6 pos=(6,16) eff=(6,15) inv=3 has_active=false delivering=false eff_slots=0 trip=false stuck=false order_rds=186
R185 STALL Bot7 pos=(4,16) eff=(3,16) inv=3 has_active=true delivering=true eff_slots=0 trip=false stuck=false order_rds=186
R185 STALL Bot8 pos=(12,1) eff=(13,1) inv=0 has_active=false delivering=false eff_slots=3 trip=false stuck=false order_rds=186
R185 STALL Bot9 pos=(8,9) eff=(9,9) inv=0 has_active=false delivering=false eff_slots=3 trip=false stuck=false order_rds=186
R185 STALL Bot0 pos=(3,15) eff=(3,15) inv=3 has_active=true delivering=true eff_slots=0 trip=false stuck=false order_rds=186
R185 STALL Bot1 pos=(1,15) eff=(1,15) inv=1 has_active=false delivering=false eff_slots=2 trip=false stuck=false order_rds=186
R185 STALL Bot2 pos=(2,15) eff=(2,15) inv=3 has_active=false delivering=false eff_slots=0 trip=false stuck=false order_rds=186
R185 STALL Bot3 pos=(3,16) eff=(3,16) inv=2 has_active=false delivering=false eff_slots=1 trip=false stuck=false order_rds=186
R185 STALL Bot4 pos=(4,15) eff=(4,16) inv=3 has_active=false delivering=false eff_slots=0 trip=false stuck=false order_rds=186
R187 Bot4 ESCAPE at (4,14)
R189 Bot1 ESCAPE at (1,15)
R189 Bot2 ESCAPE at (2,15)
R189 Bot3 ESCAPE at (3,16)
R189 Bot7 ESCAPE at (4,16)
R190 STALL Bot0 pos=(3,15) eff=(3,16) inv=3 has_active=true delivering=true eff_slots=0 trip=false stuck=false order_rds=191
R190 STALL Bot1 pos=(1,15) eff=(1,15) inv=1 has_active=false delivering=false eff_slots=2 trip=false stuck=false order_rds=191
R190 STALL Bot2 pos=(2,15) eff=(2,15) inv=3 has_active=false delivering=false eff_slots=0 trip=false stuck=false order_rds=191
R190 STALL Bot3 pos=(3,16) eff=(3,16) inv=2 has_active=false delivering=false eff_slots=1 trip=false stuck=false order_rds=191
R190 STALL Bot4 pos=(4,14) eff=(4,15) inv=3 has_active=false delivering=false eff_slots=0 trip=false stuck=false order_rds=191
R190 STALL Bot5 pos=(5,15) eff=(5,15) inv=2 has_active=false delivering=false eff_slots=1 trip=false stuck=false order_rds=191
R190 STALL Bot6 pos=(6,16) eff=(6,16) inv=3 has_active=false delivering=false eff_slots=0 trip=false stuck=false order_rds=191
R190 STALL Bot7 pos=(4,16) eff=(3,16) inv=3 has_active=true delivering=true eff_slots=0 trip=false stuck=false order_rds=191
R190 STALL Bot8 pos=(12,1) eff=(11,1) inv=0 has_active=false delivering=false eff_slots=3 trip=false stuck=false order_rds=191
R190 STALL Bot9 pos=(8,9) eff=(7,9) inv=0 has_active=false delivering=false eff_slots=3 trip=false stuck=false order_rds=191
R191 Bot5 ESCAPE at (5,16)
R191 Bot6 ESCAPE at (6,15)
R191 Bot8 ESCAPE at (13,1)
R191 Bot9 ESCAPE at (9,9)
R192 Bot0 ESCAPE at (3,15)
R194 Bot0 stuck-order reset (rounds_on_order=195)
R194 Bot1 ESCAPE at (1,15)
R194 Bot1 stuck-order reset (rounds_on_order=195)
R194 Bot2 ESCAPE at (2,15)
R194 Bot2 stuck-order reset (rounds_on_order=195)
R194 Bot3 ESCAPE at (3,16)
R194 Bot3 stuck-order reset (rounds_on_order=195)
R194 Bot4 ESCAPE at (4,14)
R194 Bot4 stuck-order reset (rounds_on_order=195)
R194 Bot5 stuck-order reset (rounds_on_order=195)
R194 Bot6 stuck-order reset (rounds_on_order=195)
R194 Bot7 ESCAPE at (4,16)
R194 Bot7 stuck-order reset (rounds_on_order=195)
R194 Bot8 stuck-order reset (rounds_on_order=195)
R194 Bot9 stuck-order reset (rounds_on_order=195)
R195 STALL Bot5 pos=(5,16) eff=(4,16) inv=2 has_active=false delivering=false eff_slots=1 trip=false stuck=false order_rds=196
R195 STALL Bot6 pos=(6,15) eff=(6,15) inv=3 has_active=false delivering=false eff_slots=0 trip=false stuck=false order_rds=196
R195 STALL Bot7 pos=(4,16) eff=(3,16) inv=3 has_active=true delivering=true eff_slots=0 trip=false stuck=false order_rds=196
R195 STALL Bot8 pos=(11,1) eff=(10,1) inv=0 has_active=false delivering=false eff_slots=3 trip=false stuck=false order_rds=196
R195 STALL Bot9 pos=(7,9) eff=(6,9) inv=0 has_active=false delivering=false eff_slots=3 trip=false stuck=false order_rds=196
R195 STALL Bot0 pos=(3,15) eff=(2,15) inv=3 has_active=true delivering=true eff_slots=0 trip=false stuck=false order_rds=196
R195 STALL Bot1 pos=(1,15) eff=(1,15) inv=1 has_active=false delivering=false eff_slots=2 trip=false stuck=false order_rds=196
R195 STALL Bot2 pos=(2,15) eff=(2,15) inv=3 has_active=false delivering=false eff_slots=0 trip=false stuck=false order_rds=196
R195 STALL Bot3 pos=(3,16) eff=(3,16) inv=2 has_active=false delivering=false eff_slots=1 trip=false stuck=false order_rds=196
R195 STALL Bot4 pos=(4,15) eff=(4,16) inv=3 has_active=false delivering=false eff_slots=0 trip=false stuck=false order_rds=196
R199 Bot0 ESCAPE at (3,15)
R199 Bot1 ESCAPE at (1,15)
R199 Bot2 ESCAPE at (2,15)
R199 Bot3 ESCAPE at (3,16)
R200/300 Score:3
R200 ORCH: 0 types, 0 active + 0 preview assigned
R200 Score:3 items_on_map=120 stuck=false osc=2
R200 STALL Bot0 pos=(3,15) eff=(3,16) inv=3 has_active=true delivering=true eff_slots=0 trip=false stuck=false order_rds=201
R200 STALL Bot1 pos=(1,15) eff=(1,15) inv=1 has_active=false delivering=false eff_slots=2 trip=false stuck=false order_rds=201
R200 STALL Bot2 pos=(2,15) eff=(2,15) inv=3 has_active=false delivering=false eff_slots=0 trip=false stuck=false order_rds=201
R200 STALL Bot3 pos=(3,16) eff=(3,16) inv=2 has_active=false delivering=false eff_slots=1 trip=false stuck=false order_rds=201
R200 STALL Bot4 pos=(5,15) eff=(6,15) inv=3 has_active=false delivering=false eff_slots=0 trip=false stuck=false order_rds=201
R200 STALL Bot5 pos=(6,16) eff=(6,16) inv=2 has_active=false delivering=false eff_slots=1 trip=false stuck=false order_rds=201
R200 STALL Bot6 pos=(5,16) eff=(6,16) inv=3 has_active=false delivering=false eff_slots=0 trip=false stuck=false order_rds=201
R200 STALL Bot7 pos=(4,16) eff=(4,16) inv=3 has_active=true delivering=true eff_slots=0 trip=false stuck=false order_rds=201
R200 STALL Bot8 pos=(12,1) eff=(13,1) inv=0 has_active=false delivering=false eff_slots=3 trip=false stuck=false order_rds=201
R200 STALL Bot9 pos=(8,9) eff=(9,9) inv=0 has_active=false delivering=false eff_slots=3 trip=false stuck=false order_rds=201
R201 Bot7 ESCAPE at (4,16)
R203 Bot8 ESCAPE at (11,1)
R203 Bot9 ESCAPE at (7,9)
R204 Bot0 ESCAPE at (3,15)
R204 Bot1 ESCAPE at (1,15)
R204 Bot2 ESCAPE at (2,15)
R204 Bot3 ESCAPE at (3,16)
R204 Bot4 ESCAPE at (4,15)
R205 STALL Bot5 pos=(6,16) eff=(5,16) inv=2 has_active=false delivering=false eff_slots=1 trip=false stuck=false order_rds=206
R205 STALL Bot6 pos=(7,15) eff=(8,15) inv=3 has_active=false delivering=false eff_slots=0 trip=false stuck=false order_rds=206
R205 STALL Bot7 pos=(4,16) eff=(4,16) inv=3 has_active=true delivering=true eff_slots=0 trip=false stuck=false order_rds=206
R205 STALL Bot8 pos=(11,1) eff=(10,1) inv=0 has_active=false delivering=false eff_slots=3 trip=false stuck=false order_rds=206
R205 STALL Bot9 pos=(7,9) eff=(6,9) inv=0 has_active=false delivering=false eff_slots=3 trip=false stuck=false order_rds=206
R205 STALL Bot0 pos=(3,15) eff=(2,15) inv=3 has_active=true delivering=true eff_slots=0 trip=false stuck=false order_rds=206
R205 STALL Bot1 pos=(1,15) eff=(1,15) inv=1 has_active=false delivering=false eff_slots=2 trip=false stuck=false order_rds=206
R205 STALL Bot2 pos=(2,15) eff=(2,15) inv=3 has_active=false delivering=false eff_slots=0 trip=false stuck=false order_rds=206
R205 STALL Bot3 pos=(3,16) eff=(3,16) inv=2 has_active=false delivering=false eff_slots=1 trip=false stuck=false order_rds=206
R205 STALL Bot4 pos=(4,15) eff=(4,16) inv=3 has_active=false delivering=false eff_slots=0 trip=false stuck=false order_rds=206
R206 Bot7 ESCAPE at (4,16)
R209 Bot0 ESCAPE at (3,15)
R209 Bot0 stuck-order reset (rounds_on_order=210)
R209 Bot1 ESCAPE at (1,15)
R209 Bot1 stuck-order reset (rounds_on_order=210)
R209 Bot2 ESCAPE at (2,15)
R209 Bot2 stuck-order reset (rounds_on_order=210)
R209 Bot3 ESCAPE at (3,16)
R209 Bot3 stuck-order reset (rounds_on_order=210)
R209 Bot4 stuck-order reset (rounds_on_order=210)
R209 Bot5 ESCAPE at (5,16)
R209 Bot5 stuck-order reset (rounds_on_order=210)
R209 Bot6 stuck-order reset (rounds_on_order=210)
R209 Bot7 stuck-order reset (rounds_on_order=210)
R209 Bot8 ESCAPE at (11,1)
R209 Bot8 stuck-order reset (rounds_on_order=210)
R209 Bot9 ESCAPE at (7,9)
R209 Bot9 stuck-order reset (rounds_on_order=210)
R210 STALL Bot0 pos=(3,15) eff=(3,16) inv=3 has_active=true delivering=true eff_slots=0 trip=false stuck=false order_rds=211
R210 STALL Bot1 pos=(1,15) eff=(1,15) inv=1 has_active=false delivering=false eff_slots=2 trip=false stuck=false order_rds=211
R210 STALL Bot2 pos=(2,15) eff=(2,15) inv=3 has_active=false delivering=false eff_slots=0 trip=false stuck=false order_rds=211
R210 STALL Bot3 pos=(3,16) eff=(3,16) inv=2 has_active=false delivering=false eff_slots=1 trip=false stuck=false order_rds=211
R210 STALL Bot4 pos=(4,14) eff=(4,13) inv=3 has_active=false delivering=false eff_slots=0 trip=false stuck=false order_rds=211
R210 STALL Bot5 pos=(5,15) eff=(5,15) inv=2 has_active=false delivering=false eff_slots=1 trip=false stuck=false order_rds=211
R210 STALL Bot6 pos=(6,16) eff=(7,16) inv=3 has_active=false delivering=false eff_slots=0 trip=false stuck=false order_rds=211
R210 STALL Bot7 pos=(4,16) eff=(5,16) inv=3 has_active=true delivering=true eff_slots=0 trip=false stuck=false order_rds=211
R210 STALL Bot8 pos=(12,1) eff=(13,1) inv=0 has_active=false delivering=false eff_slots=3 trip=false stuck=false order_rds=211
R210 STALL Bot9 pos=(8,9) eff=(9,9) inv=0 has_active=false delivering=false eff_slots=3 trip=false stuck=false order_rds=211
R214 Bot0 ESCAPE at (3,15)
R214 Bot1 ESCAPE at (1,15)
R214 Bot2 ESCAPE at (2,15)
R214 Bot3 ESCAPE at (3,16)
R215 Bot4 ESCAPE at (4,15)
R215 Bot5 ESCAPE at (5,16)
R215 Bot8 ESCAPE at (11,1)
R215 Bot9 ESCAPE at (7,9)
R215 STALL Bot5 pos=(5,16) eff=(5,16) inv=2 has_active=false delivering=false eff_slots=1 trip=false stuck=false order_rds=216
R215 STALL Bot6 pos=(6,16) eff=(7,16) inv=3 has_active=false delivering=false eff_slots=0 trip=false stuck=false order_rds=216
R215 STALL Bot7 pos=(4,16) eff=(4,16) inv=3 has_active=true delivering=true eff_slots=0 trip=false stuck=false order_rds=216
R215 STALL Bot8 pos=(11,1) eff=(10,1) inv=0 has_active=false delivering=false eff_slots=3 trip=false stuck=false order_rds=216
R215 STALL Bot9 pos=(7,9) eff=(6,9) inv=0 has_active=false delivering=false eff_slots=3 trip=false stuck=false order_rds=216
R215 STALL Bot0 pos=(3,15) eff=(3,16) inv=3 has_active=true delivering=true eff_slots=0 trip=false stuck=false order_rds=216
R215 STALL Bot1 pos=(1,15) eff=(1,15) inv=1 has_active=false delivering=false eff_slots=2 trip=false stuck=false order_rds=216
R215 STALL Bot2 pos=(2,15) eff=(2,15) inv=3 has_active=false delivering=false eff_slots=0 trip=false stuck=false order_rds=216
R215 STALL Bot3 pos=(3,16) eff=(3,16) inv=2 has_active=false delivering=false eff_slots=1 trip=false stuck=false order_rds=216
R215 STALL Bot4 pos=(4,15) eff=(4,16) inv=3 has_active=false delivering=false eff_slots=0 trip=false stuck=false order_rds=216
R217 Bot6 ESCAPE at (6,16)
R217 Bot7 ESCAPE at (4,16)
R219 Bot0 ESCAPE at (3,15)
R219 Bot1 ESCAPE at (1,15)
R219 Bot2 ESCAPE at (2,15)
R219 Bot3 ESCAPE at (3,16)
R220 Bot4 ESCAPE at (4,15)
R220 STALL Bot0 pos=(3,15) eff=(2,15) inv=3 has_active=true delivering=true eff_slots=0 trip=false stuck=false order_rds=221
R220 STALL Bot1 pos=(1,15) eff=(1,15) inv=1 has_active=false delivering=false eff_slots=2 trip=false stuck=false order_rds=221
R220 STALL Bot2 pos=(2,15) eff=(2,15) inv=3 has_active=false delivering=false eff_slots=0 trip=false stuck=false order_rds=221
R220 STALL Bot3 pos=(3,16) eff=(3,16) inv=2 has_active=false delivering=false eff_slots=1 trip=false stuck=false order_rds=221
R220 STALL Bot4 pos=(4,15) eff=(4,14) inv=3 has_active=false delivering=false eff_slots=0 trip=false stuck=false order_rds=221
R220 STALL Bot5 pos=(6,15) eff=(6,16) inv=2 has_active=false delivering=false eff_slots=1 trip=false stuck=false order_rds=221
R220 STALL Bot6 pos=(6,16) eff=(5,16) inv=3 has_active=false delivering=false eff_slots=0 trip=false stuck=false order_rds=221
R220 STALL Bot7 pos=(4,16) eff=(4,16) inv=3 has_active=true delivering=true eff_slots=0 trip=false stuck=false order_rds=221
R220 STALL Bot8 pos=(12,1) eff=(13,1) inv=0 has_active=false delivering=false eff_slots=3 trip=false stuck=false order_rds=221
R220 STALL Bot9 pos=(8,9) eff=(9,9) inv=0 has_active=false delivering=false eff_slots=3 trip=false stuck=false order_rds=221
R221 Bot8 ESCAPE at (11,1)
R221 Bot9 ESCAPE at (7,9)
R222 Bot7 ESCAPE at (4,16)
R224 Bot0 ESCAPE at (3,15)
R224 Bot0 stuck-order reset (rounds_on_order=225)
R224 Bot1 ESCAPE at (1,15)
R224 Bot1 stuck-order reset (rounds_on_order=225)
R224 Bot2 ESCAPE at (2,15)
R224 Bot2 stuck-order reset (rounds_on_order=225)
R224 Bot3 ESCAPE at (3,16)
R224 Bot3 stuck-order reset (rounds_on_order=225)
R224 Bot4 stuck-order reset (rounds_on_order=225)
R224 Bot5 stuck-order reset (rounds_on_order=225)
R224 Bot6 stuck-order reset (rounds_on_order=225)
R224 Bot7 stuck-order reset (rounds_on_order=225)
R224 Bot8 stuck-order reset (rounds_on_order=225)
R224 Bot9 stuck-order reset (rounds_on_order=225)
R225 ORCH: 0 types, 0 active + 0 preview assigned
R225 Score:3 items_on_map=120 stuck=false osc=2
R225 STALL Bot5 pos=(6,16) eff=(5,16) inv=2 has_active=false delivering=false eff_slots=1 trip=false stuck=false order_rds=226
R225 STALL Bot6 pos=(5,15) eff=(4,15) inv=3 has_active=false delivering=false eff_slots=0 trip=false stuck=false order_rds=226
R225 STALL Bot7 pos=(4,16) eff=(4,16) inv=3 has_active=true delivering=true eff_slots=0 trip=false stuck=false order_rds=226
R225 STALL Bot8 pos=(11,1) eff=(10,1) inv=0 has_active=false delivering=false eff_slots=3 trip=false stuck=false order_rds=226
R225 STALL Bot9 pos=(7,9) eff=(6,9) inv=0 has_active=false delivering=false eff_slots=3 trip=false stuck=false order_rds=226
R225 STALL Bot0 pos=(3,15) eff=(4,15) inv=3 has_active=true delivering=true eff_slots=0 trip=false stuck=false order_rds=226
R225 STALL Bot1 pos=(1,15) eff=(1,15) inv=1 has_active=false delivering=false eff_slots=2 trip=false stuck=false order_rds=226
R225 STALL Bot2 pos=(2,15) eff=(2,15) inv=3 has_active=false delivering=false eff_slots=0 trip=false stuck=false order_rds=226
R225 STALL Bot3 pos=(3,16) eff=(3,16) inv=2 has_active=false delivering=false eff_slots=1 trip=false stuck=false order_rds=226
R225 STALL Bot4 pos=(4,15) eff=(4,14) inv=3 has_active=false delivering=false eff_slots=0 trip=false stuck=false order_rds=226
R229 Bot0 ESCAPE at (3,15)
R229 Bot1 ESCAPE at (1,15)
R229 Bot2 ESCAPE at (2,15)
R229 Bot3 ESCAPE at (3,16)
R229 Bot7 ESCAPE at (4,16)
R230 Bot8 ESCAPE at (12,1)
R230 Bot9 ESCAPE at (8,9)
R230 STALL Bot0 pos=(3,15) eff=(3,16) inv=3 has_active=true delivering=true eff_slots=0 trip=false stuck=false order_rds=231
R230 STALL Bot1 pos=(1,15) eff=(1,15) inv=1 has_active=false delivering=false eff_slots=2 trip=false stuck=false order_rds=231
R230 STALL Bot2 pos=(2,15) eff=(2,15) inv=3 has_active=false delivering=false eff_slots=0 trip=false stuck=false order_rds=231
R230 STALL Bot3 pos=(3,16) eff=(3,16) inv=2 has_active=false delivering=false eff_slots=1 trip=false stuck=false order_rds=231
R230 STALL Bot4 pos=(4,13) eff=(4,14) inv=3 has_active=false delivering=false eff_slots=0 trip=false stuck=false order_rds=231
R230 STALL Bot5 pos=(6,16) eff=(7,16) inv=2 has_active=false delivering=false eff_slots=1 trip=false stuck=false order_rds=231
R230 STALL Bot6 pos=(4,15) eff=(4,16) inv=3 has_active=false delivering=false eff_slots=0 trip=false stuck=false order_rds=231
R230 STALL Bot7 pos=(4,16) eff=(4,16) inv=3 has_active=true delivering=true eff_slots=0 trip=false stuck=false order_rds=231
R230 STALL Bot8 pos=(12,1) eff=(13,1) inv=0 has_active=false delivering=false eff_slots=3 trip=false stuck=false order_rds=231
R230 STALL Bot9 pos=(8,9) eff=(9,9) inv=0 has_active=false delivering=false eff_slots=3 trip=false stuck=false order_rds=231
R234 Bot0 ESCAPE at (3,15)
R234 Bot1 ESCAPE at (1,15)
R234 Bot2 ESCAPE at (2,15)
R234 Bot3 ESCAPE at (3,16)
R234 Bot7 ESCAPE at (4,16)
R235 Bot6 ESCAPE at (5,16)
R235 STALL Bot5 pos=(6,16) eff=(6,16) inv=2 has_active=false delivering=false eff_slots=1 trip=false stuck=false order_rds=236
R235 STALL Bot6 pos=(5,16) eff=(5,16) inv=3 has_active=false delivering=false eff_slots=0 trip=false stuck=false order_rds=236
R235 STALL Bot7 pos=(4,16) eff=(3,16) inv=3 has_active=true delivering=true eff_slots=0 trip=false stuck=false order_rds=236
R235 STALL Bot8 pos=(11,1) eff=(10,1) inv=0 has_active=false delivering=false eff_slots=3 trip=false stuck=false order_rds=236
R235 STALL Bot9 pos=(7,9) eff=(6,9) inv=0 has_active=false delivering=false eff_slots=3 trip=false stuck=false order_rds=236
R235 STALL Bot0 pos=(3,15) eff=(3,15) inv=3 has_active=true delivering=true eff_slots=0 trip=false stuck=false order_rds=236
R235 STALL Bot1 pos=(1,15) eff=(1,15) inv=1 has_active=false delivering=false eff_slots=2 trip=false stuck=false order_rds=236
R235 STALL Bot2 pos=(2,15) eff=(2,15) inv=3 has_active=false delivering=false eff_slots=0 trip=false stuck=false order_rds=236
R235 STALL Bot3 pos=(3,16) eff=(3,16) inv=2 has_active=false delivering=false eff_slots=1 trip=false stuck=false order_rds=236
R235 STALL Bot4 pos=(4,15) eff=(5,15) inv=3 has_active=false delivering=false eff_slots=0 trip=false stuck=false order_rds=236
R236 Bot4 ESCAPE at (4,15)
R236 Bot5 ESCAPE at (6,15)
R236 Bot8 ESCAPE at (12,1)
R236 Bot9 ESCAPE at (8,9)
R239 Bot0 ESCAPE at (3,15)
R239 Bot0 stuck-order reset (rounds_on_order=240)
R239 Bot1 ESCAPE at (1,15)
R239 Bot1 stuck-order reset (rounds_on_order=240)
R239 Bot2 ESCAPE at (2,15)
R239 Bot2 stuck-order reset (rounds_on_order=240)
R239 Bot3 ESCAPE at (3,16)
R239 Bot3 stuck-order reset (rounds_on_order=240)
R239 Bot4 stuck-order reset (rounds_on_order=240)
R239 Bot5 stuck-order reset (rounds_on_order=240)
R239 Bot6 stuck-order reset (rounds_on_order=240)
R239 Bot7 ESCAPE at (4,16)
R239 Bot7 stuck-order reset (rounds_on_order=240)
R239 Bot8 stuck-order reset (rounds_on_order=240)
R239 Bot9 stuck-order reset (rounds_on_order=240)
R240 STALL Bot0 pos=(4,15) eff=(3,15) inv=3 has_active=true delivering=true eff_slots=0 trip=false stuck=false order_rds=241
R240 STALL Bot1 pos=(1,15) eff=(1,15) inv=1 has_active=false delivering=false eff_slots=2 trip=false stuck=false order_rds=241
R240 STALL Bot2 pos=(2,15) eff=(2,15) inv=3 has_active=false delivering=false eff_slots=0 trip=false stuck=false order_rds=241
R240 STALL Bot3 pos=(3,16) eff=(3,16) inv=2 has_active=false delivering=false eff_slots=1 trip=false stuck=false order_rds=241
R240 STALL Bot4 pos=(4,13) eff=(4,14) inv=3 has_active=false delivering=false eff_slots=0 trip=false stuck=false order_rds=241
R240 STALL Bot5 pos=(5,15) eff=(4,15) inv=2 has_active=false delivering=false eff_slots=1 trip=false stuck=false order_rds=241
R240 STALL Bot6 pos=(6,15) eff=(5,15) inv=3 has_active=false delivering=false eff_slots=0 trip=false stuck=false order_rds=241
R240 STALL Bot7 pos=(4,16) eff=(4,16) inv=3 has_active=true delivering=true eff_slots=0 trip=false stuck=false order_rds=241
R240 STALL Bot8 pos=(12,1) eff=(13,1) inv=0 has_active=false delivering=false eff_slots=3 trip=false stuck=false order_rds=241
R240 STALL Bot9 pos=(8,9) eff=(9,9) inv=0 has_active=false delivering=false eff_slots=3 trip=false stuck=false order_rds=241
R244 Bot1 ESCAPE at (1,15)
R244 Bot2 ESCAPE at (2,15)
R244 Bot3 ESCAPE at (3,16)
R244 Bot7 ESCAPE at (4,16)
R245 Bot8 ESCAPE at (11,1)
R245 Bot9 ESCAPE at (7,9)
R245 STALL Bot5 pos=(5,16) eff=(5,16) inv=2 has_active=false delivering=false eff_slots=1 trip=false stuck=false order_rds=246
R245 STALL Bot6 pos=(6,16) eff=(6,15) inv=3 has_active=false delivering=false eff_slots=0 trip=false stuck=false order_rds=246
R245 STALL Bot7 pos=(4,16) eff=(3,16) inv=3 has_active=true delivering=true eff_slots=0 trip=false stuck=false order_rds=246
R245 STALL Bot8 pos=(11,1) eff=(10,1) inv=0 has_active=false delivering=false eff_slots=3 trip=false stuck=false order_rds=246
R245 STALL Bot9 pos=(7,9) eff=(6,9) inv=0 has_active=false delivering=false eff_slots=3 trip=false stuck=false order_rds=246
R245 STALL Bot0 pos=(3,15) eff=(3,16) inv=3 has_active=true delivering=true eff_slots=0 trip=false stuck=false order_rds=246
R245 STALL Bot1 pos=(1,15) eff=(1,15) inv=1 has_active=false delivering=false eff_slots=2 trip=false stuck=false order_rds=246
R245 STALL Bot2 pos=(2,15) eff=(2,15) inv=3 has_active=false delivering=false eff_slots=0 trip=false stuck=false order_rds=246
R245 STALL Bot3 pos=(3,16) eff=(3,16) inv=2 has_active=false delivering=false eff_slots=1 trip=false stuck=false order_rds=246
R245 STALL Bot4 pos=(4,14) eff=(4,14) inv=3 has_active=false delivering=false eff_slots=0 trip=false stuck=false order_rds=246
R246 Bot4 ESCAPE at (4,15)
R247 Bot0 ESCAPE at (3,15)
R249 Bot1 ESCAPE at (1,15)
R249 Bot2 ESCAPE at (2,15)
R249 Bot3 ESCAPE at (3,16)
R249 Bot5 ESCAPE at (5,16)
R249 Bot7 ESCAPE at (4,16)
R250/300 Score:3
R250 Bot6 ESCAPE at (6,16)
R250 ORCH: 0 types, 0 active + 0 preview assigned
R250 Score:3 items_on_map=120 stuck=false osc=3
R250 STALL Bot0 pos=(3,15) eff=(3,16) inv=3 has_active=true delivering=true eff_slots=0 trip=false stuck=false order_rds=251
R250 STALL Bot1 pos=(1,15) eff=(1,15) inv=1 has_active=false delivering=false eff_slots=2 trip=false stuck=false order_rds=251
R250 STALL Bot2 pos=(2,15) eff=(2,15) inv=3 has_active=false delivering=false eff_slots=0 trip=false stuck=false order_rds=251
R250 STALL Bot3 pos=(3,16) eff=(3,16) inv=2 has_active=false delivering=false eff_slots=1 trip=false stuck=false order_rds=251
R250 STALL Bot4 pos=(4,15) eff=(4,16) inv=3 has_active=false delivering=false eff_slots=0 trip=false stuck=false order_rds=251
R250 STALL Bot5 pos=(5,16) eff=(5,16) inv=2 has_active=false delivering=false eff_slots=1 trip=false stuck=false order_rds=251
R250 STALL Bot6 pos=(6,16) eff=(6,16) inv=3 has_active=false delivering=false eff_slots=0 trip=false stuck=false order_rds=251
R250 STALL Bot7 pos=(4,16) eff=(3,16) inv=3 has_active=true delivering=true eff_slots=0 trip=false stuck=false order_rds=251
R250 STALL Bot8 pos=(12,1) eff=(13,1) inv=0 has_active=false delivering=false eff_slots=3 trip=false stuck=false order_rds=251
R250 STALL Bot9 pos=(8,9) eff=(9,9) inv=0 has_active=false delivering=false eff_slots=3 trip=false stuck=false order_rds=251
R251 Bot8 ESCAPE at (11,1)
R251 Bot9 ESCAPE at (7,9)
R252 Bot0 ESCAPE at (3,15)
R254 Bot0 stuck-order reset (rounds_on_order=255)
R254 Bot1 ESCAPE at (1,15)
R254 Bot1 stuck-order reset (rounds_on_order=255)
R254 Bot2 ESCAPE at (2,15)
R254 Bot2 stuck-order reset (rounds_on_order=255)
R254 Bot3 ESCAPE at (3,16)
R254 Bot3 stuck-order reset (rounds_on_order=255)
R254 Bot4 stuck-order reset (rounds_on_order=255)
R254 Bot5 stuck-order reset (rounds_on_order=255)
R254 Bot6 stuck-order reset (rounds_on_order=255)
R254 Bot7 stuck-order reset (rounds_on_order=255)
R254 Bot8 stuck-order reset (rounds_on_order=255)
R254 Bot9 stuck-order reset (rounds_on_order=255)
R255 STALL Bot5 pos=(4,16) eff=(4,15) inv=2 has_active=false delivering=false eff_slots=1 trip=false stuck=false order_rds=256
R255 STALL Bot6 pos=(5,16) eff=(4,16) inv=3 has_active=false delivering=false eff_slots=0 trip=false stuck=false order_rds=256
R255 STALL Bot7 pos=(4,15) eff=(4,14) inv=3 has_active=true delivering=true eff_slots=0 trip=false stuck=false order_rds=256
R255 STALL Bot8 pos=(11,1) eff=(10,1) inv=0 has_active=false delivering=false eff_slots=3 trip=false stuck=false order_rds=256
R255 STALL Bot9 pos=(7,9) eff=(6,9) inv=0 has_active=false delivering=false eff_slots=3 trip=false stuck=false order_rds=256
R255 STALL Bot0 pos=(3,15) eff=(2,15) inv=3 has_active=true delivering=true eff_slots=0 trip=false stuck=false order_rds=256
R255 STALL Bot1 pos=(1,15) eff=(1,15) inv=1 has_active=false delivering=false eff_slots=2 trip=false stuck=false order_rds=256
R255 STALL Bot2 pos=(2,15) eff=(2,15) inv=3 has_active=false delivering=false eff_slots=0 trip=false stuck=false order_rds=256
R255 STALL Bot3 pos=(3,16) eff=(3,16) inv=2 has_active=false delivering=false eff_slots=1 trip=false stuck=false order_rds=256
R255 STALL Bot4 pos=(5,15) eff=(4,15) inv=3 has_active=false delivering=false eff_slots=0 trip=false stuck=false order_rds=256
R259 Bot0 ESCAPE at (3,15)
R259 Bot1 ESCAPE at (1,15)
R259 Bot2 ESCAPE at (2,15)
R259 Bot3 ESCAPE at (3,16)
R260 Bot8 ESCAPE at (12,1)
R260 Bot9 ESCAPE at (8,9)
R260 STALL Bot0 pos=(3,15) eff=(3,16) inv=3 has_active=true delivering=true eff_slots=0 trip=false stuck=false order_rds=261
R260 STALL Bot1 pos=(1,15) eff=(1,15) inv=1 has_active=false delivering=false eff_slots=2 trip=false stuck=false order_rds=261
R260 STALL Bot2 pos=(2,15) eff=(2,15) inv=3 has_active=false delivering=false eff_slots=0 trip=false stuck=false order_rds=261
R260 STALL Bot3 pos=(3,16) eff=(3,16) inv=2 has_active=false delivering=false eff_slots=1 trip=false stuck=false order_rds=261
R260 STALL Bot4 pos=(5,16) eff=(5,16) inv=3 has_active=false delivering=false eff_slots=0 trip=false stuck=false order_rds=261
R260 STALL Bot5 pos=(4,15) eff=(4,15) inv=2 has_active=false delivering=false eff_slots=1 trip=false stuck=false order_rds=261
R260 STALL Bot6 pos=(7,16) eff=(7,15) inv=3 has_active=false delivering=false eff_slots=0 trip=false stuck=false order_rds=261
R260 STALL Bot7 pos=(4,14) eff=(4,14) inv=3 has_active=true delivering=true eff_slots=0 trip=false stuck=false order_rds=261
R260 STALL Bot8 pos=(12,1) eff=(13,1) inv=0 has_active=false delivering=false eff_slots=3 trip=false stuck=false order_rds=261
R260 STALL Bot9 pos=(8,9) eff=(9,9) inv=0 has_active=false delivering=false eff_slots=3 trip=false stuck=false order_rds=261
R262 Bot6 ESCAPE at (6,15)
R264 Bot0 ESCAPE at (3,15)
R264 Bot1 ESCAPE at (1,15)
R264 Bot2 ESCAPE at (2,15)
R264 Bot3 ESCAPE at (3,16)
R265 Bot5 ESCAPE at (4,15)
R265 Bot7 ESCAPE at (4,14)
R265 STALL Bot5 pos=(4,15) eff=(4,16) inv=2 has_active=false delivering=false eff_slots=1 trip=false stuck=false order_rds=266
R265 STALL Bot6 pos=(6,16) eff=(7,16) inv=3 has_active=false delivering=false eff_slots=0 trip=false stuck=false order_rds=266
R265 STALL Bot7 pos=(4,14) eff=(4,15) inv=3 has_active=true delivering=true eff_slots=0 trip=false stuck=false order_rds=266
R265 STALL Bot8 pos=(11,1) eff=(10,1) inv=0 has_active=false delivering=false eff_slots=3 trip=false stuck=false order_rds=266
R265 STALL Bot9 pos=(7,9) eff=(6,9) inv=0 has_active=false delivering=false eff_slots=3 trip=false stuck=false order_rds=266
R265 STALL Bot0 pos=(3,15) eff=(2,15) inv=3 has_active=true delivering=true eff_slots=0 trip=false stuck=false order_rds=266
R265 STALL Bot1 pos=(1,15) eff=(1,15) inv=1 has_active=false delivering=false eff_slots=2 trip=false stuck=false order_rds=266
R265 STALL Bot2 pos=(2,15) eff=(2,15) inv=3 has_active=false delivering=false eff_slots=0 trip=false stuck=false order_rds=266
R265 STALL Bot3 pos=(3,16) eff=(3,16) inv=2 has_active=false delivering=false eff_slots=1 trip=false stuck=false order_rds=266
R265 STALL Bot4 pos=(4,16) eff=(3,16) inv=3 has_active=false delivering=false eff_slots=0 trip=false stuck=false order_rds=266
R266 Bot8 ESCAPE at (12,1)
R266 Bot9 ESCAPE at (8,9)
R268 Bot4 ESCAPE at (4,16)
R268 Bot6 ESCAPE at (5,16)
R269 Bot0 ESCAPE at (3,15)
R269 Bot0 stuck-order reset (rounds_on_order=270)
R269 Bot1 ESCAPE at (1,15)
R269 Bot1 stuck-order reset (rounds_on_order=270)
R269 Bot2 ESCAPE at (2,15)
R269 Bot2 stuck-order reset (rounds_on_order=270)
R269 Bot3 ESCAPE at (3,16)
R269 Bot3 stuck-order reset (rounds_on_order=270)
R269 Bot4 stuck-order reset (rounds_on_order=270)
R269 Bot5 stuck-order reset (rounds_on_order=270)
R269 Bot6 stuck-order reset (rounds_on_order=270)
R269 Bot7 stuck-order reset (rounds_on_order=270)
R269 Bot8 stuck-order reset (rounds_on_order=270)
R269 Bot9 stuck-order reset (rounds_on_order=270)
R270 STALL Bot0 pos=(3,15) eff=(3,16) inv=3 has_active=true delivering=true eff_slots=0 trip=false stuck=false order_rds=271
R270 STALL Bot1 pos=(1,15) eff=(1,15) inv=1 has_active=false delivering=false eff_slots=2 trip=false stuck=false order_rds=271
R270 STALL Bot2 pos=(2,15) eff=(2,15) inv=3 has_active=false delivering=false eff_slots=0 trip=false stuck=false order_rds=271
R270 STALL Bot3 pos=(3,16) eff=(3,16) inv=2 has_active=false delivering=false eff_slots=1 trip=false stuck=false order_rds=271
R270 STALL Bot4 pos=(4,16) eff=(4,15) inv=3 has_active=false delivering=false eff_slots=0 trip=false stuck=false order_rds=271
R270 STALL Bot5 pos=(6,16) eff=(5,16) inv=2 has_active=false delivering=false eff_slots=1 trip=false stuck=false order_rds=271
R270 STALL Bot6 pos=(5,16) eff=(4,16) inv=3 has_active=false delivering=false eff_slots=0 trip=false stuck=false order_rds=271
R270 STALL Bot7 pos=(4,15) eff=(4,14) inv=3 has_active=true delivering=true eff_slots=0 trip=false stuck=false order_rds=271
R270 STALL Bot8 pos=(12,1) eff=(13,1) inv=0 has_active=false delivering=false eff_slots=3 trip=false stuck=false order_rds=271
R270 STALL Bot9 pos=(8,9) eff=(9,9) inv=0 has_active=false delivering=false eff_slots=3 trip=false stuck=false order_rds=271
R274 Bot0 ESCAPE at (3,15)
R274 Bot1 ESCAPE at (1,15)
R274 Bot2 ESCAPE at (2,15)
R274 Bot3 ESCAPE at (3,16)
R274 Bot4 ESCAPE at (4,16)
R275 Bot6 ESCAPE at (6,16)
R275 Bot8 ESCAPE at (11,1)
R275 Bot9 ESCAPE at (7,9)
R275 ORCH: 0 types, 0 active + 0 preview assigned
R275 Score:3 items_on_map=120 stuck=false osc=1
R275 STALL Bot5 pos=(5,15) eff=(6,15) inv=2 has_active=false delivering=false eff_slots=1 trip=false stuck=false order_rds=276
R275 STALL Bot6 pos=(6,16) eff=(6,16) inv=3 has_active=false delivering=false eff_slots=0 trip=false stuck=false order_rds=276
R275 STALL Bot7 pos=(4,14) eff=(4,14) inv=3 has_active=true delivering=true eff_slots=0 trip=false stuck=false order_rds=276
R275 STALL Bot8 pos=(11,1) eff=(10,1) inv=0 has_active=false delivering=false eff_slots=3 trip=false stuck=false order_rds=276
R275 STALL Bot9 pos=(7,9) eff=(6,9) inv=0 has_active=false delivering=false eff_slots=3 trip=false stuck=false order_rds=276
R275 STALL Bot0 pos=(3,15) eff=(2,15) inv=3 has_active=true delivering=true eff_slots=0 trip=false stuck=false order_rds=276
R275 STALL Bot1 pos=(1,15) eff=(1,15) inv=1 has_active=false delivering=false eff_slots=2 trip=false stuck=false order_rds=276
R275 STALL Bot2 pos=(2,15) eff=(2,15) inv=3 has_active=false delivering=false eff_slots=0 trip=false stuck=false order_rds=276
R275 STALL Bot3 pos=(3,16) eff=(3,16) inv=2 has_active=false delivering=false eff_slots=1 trip=false stuck=false order_rds=276
R275 STALL Bot4 pos=(4,16) eff=(4,16) inv=3 has_active=false delivering=false eff_slots=0 trip=false stuck=false order_rds=276
R277 Bot7 ESCAPE at (4,14)
R279 Bot0 ESCAPE at (3,15)
R279 Bot1 ESCAPE at (1,15)
R279 Bot2 ESCAPE at (2,15)
R279 Bot3 ESCAPE at (3,16)
R280 STALL Bot0 pos=(3,15) eff=(3,16) inv=3 has_active=true delivering=true eff_slots=0 trip=false stuck=false order_rds=281
R280 STALL Bot1 pos=(1,15) eff=(1,15) inv=1 has_active=false delivering=false eff_slots=2 trip=false stuck=false order_rds=281
R280 STALL Bot2 pos=(2,15) eff=(2,15) inv=3 has_active=false delivering=false eff_slots=0 trip=false stuck=false order_rds=281
R280 STALL Bot3 pos=(3,16) eff=(3,16) inv=2 has_active=false delivering=false eff_slots=1 trip=false stuck=false order_rds=281
R280 STALL Bot4 pos=(4,16) eff=(5,16) inv=3 has_active=false delivering=false eff_slots=0 trip=false stuck=false order_rds=281
R280 STALL Bot5 pos=(5,16) eff=(5,15) inv=2 has_active=false delivering=false eff_slots=1 trip=false stuck=false order_rds=281
R280 STALL Bot6 pos=(5,15) eff=(5,16) inv=3 has_active=false delivering=false eff_slots=0 trip=false stuck=false order_rds=281
R280 STALL Bot7 pos=(4,15) eff=(3,15) inv=3 has_active=true delivering=true eff_slots=0 trip=false stuck=false order_rds=281
R280 STALL Bot8 pos=(12,1) eff=(13,1) inv=0 has_active=false delivering=false eff_slots=3 trip=false stuck=false order_rds=281
R280 STALL Bot9 pos=(8,9) eff=(9,9) inv=0 has_active=false delivering=false eff_slots=3 trip=false stuck=false order_rds=281
R281 Bot8 ESCAPE at (11,1)
R281 Bot9 ESCAPE at (7,9)
R283 Bot7 ESCAPE at (4,15)
R284 Bot0 ESCAPE at (3,15)
R284 Bot0 stuck-order reset (rounds_on_order=285)
R284 Bot1 ESCAPE at (1,15)
R284 Bot1 stuck-order reset (rounds_on_order=285)
R284 Bot2 ESCAPE at (2,15)
R284 Bot2 stuck-order reset (rounds_on_order=285)
R284 Bot3 ESCAPE at (3,16)
R284 Bot3 stuck-order reset (rounds_on_order=285)
R284 Bot4 ESCAPE at (4,16)
R284 Bot4 stuck-order reset (rounds_on_order=285)
R284 Bot5 stuck-order reset (rounds_on_order=285)
R284 Bot6 stuck-order reset (rounds_on_order=285)
R284 Bot7 stuck-order reset (rounds_on_order=285)
R284 Bot8 stuck-order reset (rounds_on_order=285)
R284 Bot9 stuck-order reset (rounds_on_order=285)
R285 STALL Bot5 pos=(5,15) eff=(4,15) inv=2 has_active=false delivering=false eff_slots=1 trip=false stuck=false order_rds=286
R285 STALL Bot6 pos=(5,16) eff=(5,15) inv=3 has_active=false delivering=false eff_slots=0 trip=false stuck=false order_rds=286
R285 STALL Bot7 pos=(4,15) eff=(4,15) inv=3 has_active=true delivering=true eff_slots=0 trip=false stuck=false order_rds=286
R285 STALL Bot8 pos=(11,1) eff=(10,1) inv=0 has_active=false delivering=false eff_slots=3 trip=false stuck=false order_rds=286
R285 STALL Bot9 pos=(7,9) eff=(6,9) inv=0 has_active=false delivering=false eff_slots=3 trip=false stuck=false order_rds=286
R285 STALL Bot0 pos=(3,15) eff=(2,15) inv=3 has_active=true delivering=true eff_slots=0 trip=false stuck=false order_rds=286
R285 STALL Bot1 pos=(1,15) eff=(1,15) inv=1 has_active=false delivering=false eff_slots=2 trip=false stuck=false order_rds=286
R285 STALL Bot2 pos=(2,15) eff=(2,15) inv=3 has_active=false delivering=false eff_slots=0 trip=false stuck=false order_rds=286
R285 STALL Bot3 pos=(3,16) eff=(3,16) inv=2 has_active=false delivering=false eff_slots=1 trip=false stuck=false order_rds=286
R285 STALL Bot4 pos=(4,16) eff=(4,15) inv=3 has_active=false delivering=false eff_slots=0 trip=false stuck=false order_rds=286
R289 Bot0 ESCAPE at (3,15)
R289 Bot1 ESCAPE at (1,15)
R289 Bot2 ESCAPE at (2,15)
R289 Bot3 ESCAPE at (3,16)
R289 Bot4 ESCAPE at (4,16)
R290 Bot5 ESCAPE at (5,16)
R290 Bot8 ESCAPE at (12,1)
R290 Bot9 ESCAPE at (8,9)
R290 STALL Bot0 pos=(3,15) eff=(3,16) inv=3 has_active=true delivering=true eff_slots=0 trip=false stuck=false order_rds=291
R290 STALL Bot1 pos=(1,15) eff=(1,15) inv=1 has_active=false delivering=false eff_slots=2 trip=false stuck=false order_rds=291
R290 STALL Bot2 pos=(2,15) eff=(2,15) inv=3 has_active=false delivering=false eff_slots=0 trip=false stuck=false order_rds=291
R290 STALL Bot3 pos=(3,16) eff=(3,16) inv=2 has_active=false delivering=false eff_slots=1 trip=false stuck=false order_rds=291
R290 STALL Bot4 pos=(4,16) eff=(4,16) inv=3 has_active=false delivering=false eff_slots=0 trip=false stuck=false order_rds=291
R290 STALL Bot5 pos=(5,16) eff=(4,16) inv=2 has_active=false delivering=false eff_slots=1 trip=false stuck=false order_rds=291
R290 STALL Bot6 pos=(6,16) eff=(6,16) inv=3 has_active=false delivering=false eff_slots=0 trip=false stuck=false order_rds=291
R290 STALL Bot7 pos=(5,15) eff=(4,15) inv=3 has_active=true delivering=true eff_slots=0 trip=false stuck=false order_rds=291
R290 STALL Bot8 pos=(12,1) eff=(13,1) inv=0 has_active=false delivering=false eff_slots=3 trip=false stuck=false order_rds=291
R290 STALL Bot9 pos=(8,9) eff=(9,9) inv=0 has_active=false delivering=false eff_slots=3 trip=false stuck=false order_rds=291
R292 Bot6 ESCAPE at (6,16)
R294 Bot0 ESCAPE at (3,15)
R294 Bot1 ESCAPE at (1,15)
R294 Bot2 ESCAPE at (2,15)
R294 Bot3 ESCAPE at (3,16)
R295 Bot5 ESCAPE at (5,16)
R295 Bot7 ESCAPE at (4,15)
R295 STALL Bot5 pos=(5,16) eff=(6,16) inv=2 has_active=false delivering=false eff_slots=1 trip=false stuck=false order_rds=296
R295 STALL Bot6 pos=(6,15) eff=(6,15) inv=3 has_active=false delivering=false eff_slots=0 trip=false stuck=false order_rds=296
R295 STALL Bot7 pos=(4,15) eff=(4,15) inv=3 has_active=true delivering=true eff_slots=0 trip=false stuck=false order_rds=296
R295 STALL Bot8 pos=(11,1) eff=(10,1) inv=0 has_active=false delivering=false eff_slots=3 trip=false stuck=false order_rds=296
R295 STALL Bot9 pos=(7,9) eff=(6,9) inv=0 has_active=false delivering=false eff_slots=3 trip=false stuck=false order_rds=296
R295 STALL Bot0 pos=(3,15) eff=(2,15) inv=3 has_active=true delivering=true eff_slots=0 trip=false stuck=false order_rds=296
R295 STALL Bot1 pos=(1,15) eff=(1,15) inv=1 has_active=false delivering=false eff_slots=2 trip=false stuck=false order_rds=296
R295 STALL Bot2 pos=(2,15) eff=(2,15) inv=3 has_active=false delivering=false eff_slots=0 trip=false stuck=false order_rds=296
R295 STALL Bot3 pos=(3,16) eff=(3,16) inv=2 has_active=false delivering=false eff_slots=1 trip=false stuck=false order_rds=296
R295 STALL Bot4 pos=(4,16) eff=(4,15) inv=3 has_active=false delivering=false eff_slots=0 trip=false stuck=false order_rds=296
R296 Bot8 ESCAPE at (12,1)
R296 Bot9 ESCAPE at (8,9)
R297 Bot4 ESCAPE at (4,16)
R298 Bot6 ESCAPE at (6,16)
R299 Bot0 ESCAPE at (3,15)
R299 Bot0 stuck-order reset (rounds_on_order=300)
R299 Bot1 ESCAPE at (1,15)
R299 Bot1 stuck-order reset (rounds_on_order=300)
R299 Bot2 ESCAPE at (2,15)
R299 Bot2 stuck-order reset (rounds_on_order=300)
R299 Bot3 ESCAPE at (3,16)
R299 Bot3 stuck-order reset (rounds_on_order=300)
R299 Bot4 stuck-order reset (rounds_on_order=300)
R299 Bot5 stuck-order reset (rounds_on_order=300)
R299 Bot6 stuck-order reset (rounds_on_order=300)
R299 Bot7 stuck-order reset (rounds_on_order=300)
R299 Bot8 stuck-order reset (rounds_on_order=300)
R299 Bot9 stuck-order reset (rounds_on_order=300)
Game over! Score: 3, Rounds: 300
