Connecting to game.ainm.no:443 (TLS=true)
TCP_NODELAY set successfully
Sending handshake (445 bytes)...
Server response:
HTTP/1.1 101 Switching Protocols
sec-websocket-accept: Y5lcTGK4bF0xJZo17xnUuVNUGDM=
date: Fri, 27 Feb 2026 21:41:13 GMT
server: Google Frontend
traceparent: 00-3988f16fcfbdeaaf8ce2081c3e1d5768-41ed50a3e8726bc1-01
x-cloud-trace-context: 3988f16fcfbdeaaf8ce2081c3e1d5768/4750541846855445441;o=1
Via: 1.1 google
Upgrade: websocket
Connection: Upgrade
Alt-Svc: h3=":443"; ma=2592000,h3-29=":443"; ma=2592000


WebSocket handshake OK!
R0: 28x18 grid, 10 bots, 120 items, dropoff (1,16)
R0/300 Score:0
R0 ORCH: 4 types, 5 active + 4 preview assigned
R0 Score:0 items_on_map=120 stuck=false osc=0
R10 STALL Bot0 pos=(23,9) eff=(23,9) inv=0 has_active=false delivering=false eff_slots=3 trip=true stuck=false order_rds=11
R10 STALL Bot1 pos=(19,15) eff=(19,15) inv=2 has_active=true delivering=false eff_slots=1 trip=false stuck=false order_rds=11
R10 STALL Bot2 pos=(24,9) eff=(24,9) inv=0 has_active=false delivering=false eff_slots=3 trip=true stuck=false order_rds=11
R10 STALL Bot3 pos=(19,16) eff=(19,16) inv=0 has_active=false delivering=false eff_slots=3 trip=true stuck=false order_rds=11
R10 STALL Bot4 pos=(25,9) eff=(25,9) inv=0 has_active=false delivering=false eff_slots=3 trip=true stuck=false order_rds=11
R10 STALL Bot5 pos=(20,16) eff=(20,16) inv=0 has_active=false delivering=false eff_slots=3 trip=true stuck=false order_rds=11
R10 STALL Bot6 pos=(26,9) eff=(26,9) inv=0 has_active=false delivering=false eff_slots=3 trip=false stuck=false order_rds=11
R10 STALL Bot7 pos=(25,10) eff=(25,10) inv=0 has_active=false delivering=false eff_slots=3 trip=false stuck=false order_rds=11
R10 STALL Bot8 pos=(26,10) eff=(26,10) inv=0 has_active=false delivering=false eff_slots=3 trip=false stuck=false order_rds=11
R10 STALL Bot9 pos=(25,11) eff=(25,11) inv=0 has_active=false delivering=false eff_slots=3 trip=false stuck=false order_rds=11
R15 STALL Bot0 pos=(20,10) eff=(20,10) inv=1 has_active=true delivering=false eff_slots=2 trip=true stuck=false order_rds=16
R15 STALL Bot1 pos=(16,13) eff=(16,13) inv=2 has_active=true delivering=true eff_slots=1 trip=false stuck=false order_rds=16
R15 STALL Bot2 pos=(21,9) eff=(21,9) inv=1 has_active=true delivering=false eff_slots=2 trip=true stuck=false order_rds=16
R15 STALL Bot3 pos=(16,14) eff=(16,14) inv=0 has_active=false delivering=false eff_slots=3 trip=true stuck=false order_rds=16
R15 STALL Bot4 pos=(24,9) eff=(24,9) inv=0 has_active=false delivering=false eff_slots=3 trip=true stuck=false order_rds=16
R15 STALL Bot5 pos=(16,15) eff=(16,15) inv=0 has_active=false delivering=false eff_slots=3 trip=true stuck=false order_rds=16
R15 STALL Bot6 pos=(22,9) eff=(22,9) inv=0 has_active=false delivering=false eff_slots=3 trip=true stuck=false order_rds=16
R15 STALL Bot7 pos=(23,11) eff=(23,11) inv=0 has_active=false delivering=false eff_slots=3 trip=false stuck=false order_rds=16
R15 STALL Bot8 pos=(23,8) eff=(23,8) inv=0 has_active=false delivering=false eff_slots=3 trip=false stuck=false order_rds=16
R15 STALL Bot9 pos=(23,10) eff=(23,10) inv=0 has_active=false delivering=false eff_slots=3 trip=false stuck=false order_rds=16
R20 STALL Bot0 pos=(20,14) eff=(20,14) inv=2 has_active=true delivering=true eff_slots=1 trip=false stuck=false order_rds=21
R20 STALL Bot1 pos=(16,14) eff=(16,14) inv=2 has_active=true delivering=true eff_slots=1 trip=false stuck=false order_rds=21
R20 STALL Bot2 pos=(16,9) eff=(16,9) inv=1 has_active=true delivering=true eff_slots=2 trip=false stuck=false order_rds=21
R20 STALL Bot3 pos=(16,16) eff=(16,16) inv=1 has_active=true delivering=true eff_slots=2 trip=false stuck=false order_rds=21
R20 STALL Bot4 pos=(19,9) eff=(19,9) inv=0 has_active=false delivering=false eff_slots=3 trip=true stuck=false order_rds=21
R20 STALL Bot5 pos=(12,14) eff=(12,14) inv=0 has_active=false delivering=false eff_slots=3 trip=true stuck=false order_rds=21
R20 STALL Bot6 pos=(20,6) eff=(20,6) inv=0 has_active=false delivering=false eff_slots=3 trip=true stuck=false order_rds=21
R20 STALL Bot7 pos=(24,9) eff=(24,9) inv=0 has_active=false delivering=false eff_slots=3 trip=false stuck=false order_rds=21
R20 STALL Bot8 pos=(23,3) eff=(23,3) inv=0 has_active=false delivering=false eff_slots=3 trip=false stuck=false order_rds=21
R20 STALL Bot9 pos=(21,9) eff=(21,9) inv=0 has_active=false delivering=false eff_slots=3 trip=false stuck=false order_rds=21
R25 ORCH: 0 types, 0 active + 5 preview assigned
R25 Score:0 items_on_map=120 stuck=false osc=0
R25 STALL Bot0 pos=(17,16) eff=(17,16) inv=2 has_active=true delivering=true eff_slots=1 trip=false stuck=false order_rds=26
R25 STALL Bot1 pos=(13,16) eff=(13,16) inv=2 has_active=true delivering=true eff_slots=1 trip=false stuck=false order_rds=26
R25 STALL Bot2 pos=(16,14) eff=(16,14) inv=1 has_active=true delivering=true eff_slots=2 trip=false stuck=false order_rds=26
R25 STALL Bot3 pos=(11,16) eff=(11,16) inv=1 has_active=true delivering=true eff_slots=2 trip=false stuck=false order_rds=26
R25 STALL Bot4 pos=(16,10) eff=(16,10) inv=1 has_active=true delivering=true eff_slots=2 trip=false stuck=false order_rds=26
R25 STALL Bot5 pos=(12,14) eff=(12,14) inv=1 has_active=true delivering=true eff_slots=2 trip=false stuck=false order_rds=26
R25 STALL Bot6 pos=(20,6) eff=(20,6) inv=1 has_active=true delivering=true eff_slots=2 trip=false stuck=false order_rds=26
R25 STALL Bot7 pos=(19,9) eff=(19,9) inv=0 has_active=false delivering=false eff_slots=3 trip=false stuck=false order_rds=26
R25 STALL Bot8 pos=(20,1) eff=(20,1) inv=0 has_active=false delivering=false eff_slots=3 trip=false stuck=false order_rds=26
R25 STALL Bot9 pos=(16,9) eff=(16,9) inv=0 has_active=false delivering=false eff_slots=3 trip=false stuck=false order_rds=26
R30 STALL Bot0 pos=(12,16) eff=(12,16) inv=2 has_active=true delivering=true eff_slots=1 trip=false stuck=false order_rds=31
R30 STALL Bot1 pos=(8,16) eff=(8,16) inv=2 has_active=true delivering=true eff_slots=1 trip=false stuck=false order_rds=31
R30 STALL Bot2 pos=(13,16) eff=(13,16) inv=1 has_active=true delivering=true eff_slots=2 trip=false stuck=false order_rds=31
R30 STALL Bot3 pos=(6,16) eff=(6,16) inv=1 has_active=true delivering=true eff_slots=2 trip=false stuck=false order_rds=31
R30 STALL Bot4 pos=(16,15) eff=(16,15) inv=1 has_active=true delivering=true eff_slots=2 trip=false stuck=false order_rds=31
R30 STALL Bot5 pos=(9,16) eff=(9,16) inv=1 has_active=true delivering=true eff_slots=2 trip=false stuck=false order_rds=31
R30 STALL Bot6 pos=(20,11) eff=(20,11) inv=1 has_active=true delivering=true eff_slots=2 trip=false stuck=false order_rds=31
R30 STALL Bot7 pos=(16,10) eff=(16,10) inv=1 has_active=false delivering=false eff_slots=2 trip=false stuck=false order_rds=31
R30 STALL Bot8 pos=(20,2) eff=(20,2) inv=0 has_active=false delivering=false eff_slots=3 trip=false stuck=false order_rds=31
R30 STALL Bot9 pos=(16,11) eff=(16,11) inv=1 has_active=true delivering=true eff_slots=2 trip=false stuck=false order_rds=31
R35 STALL Bot0 pos=(7,16) eff=(7,16) inv=2 has_active=true delivering=true eff_slots=1 trip=false stuck=false order_rds=36
R35 STALL Bot1 pos=(3,16) eff=(3,16) inv=2 has_active=true delivering=true eff_slots=1 trip=false stuck=false order_rds=36
R35 STALL Bot2 pos=(8,16) eff=(8,16) inv=1 has_active=true delivering=true eff_slots=2 trip=false stuck=false order_rds=36
R35 STALL Bot4 pos=(12,16) eff=(12,16) inv=1 has_active=true delivering=true eff_slots=2 trip=false stuck=false order_rds=36
R35 STALL Bot5 pos=(4,16) eff=(4,16) inv=1 has_active=true delivering=true eff_slots=2 trip=false stuck=false order_rds=36
R35 STALL Bot6 pos=(20,16) eff=(20,16) inv=1 has_active=true delivering=true eff_slots=2 trip=false stuck=false order_rds=36
R35 STALL Bot7 pos=(16,13) eff=(16,13) inv=1 has_active=false delivering=false eff_slots=2 trip=false stuck=false order_rds=36
R35 STALL Bot8 pos=(20,1) eff=(20,1) inv=0 has_active=false delivering=false eff_slots=3 trip=false stuck=false order_rds=36
R35 STALL Bot9 pos=(16,16) eff=(16,16) inv=1 has_active=true delivering=true eff_slots=2 trip=false stuck=false order_rds=36
R44 Bot0 stuck-order reset (rounds_on_order=45)
R44 Bot1 stuck-order reset (rounds_on_order=45)
R44 Bot2 stuck-order reset (rounds_on_order=45)
R44 Bot3 stuck-order reset (rounds_on_order=45)
R44 Bot4 ESCAPE at (11,16)
R44 Bot4 stuck-order reset (rounds_on_order=45)
R44 Bot5 ESCAPE at (3,16)
R44 Bot5 stuck-order reset (rounds_on_order=45)
R44 Bot6 stuck-order reset (rounds_on_order=45)
R44 Bot7 stuck-order reset (rounds_on_order=45)
R44 Bot8 stuck-order reset (rounds_on_order=45)
R44 Bot9 stuck-order reset (rounds_on_order=45)
R49 Bot1 ESCAPE at (1,15)
R50/300 Score:3
R50 ORCH: 0 types, 0 active + 0 preview assigned
R50 Score:3 items_on_map=120 stuck=false osc=0
R55 Bot4 ESCAPE at (12,14)
R55 Bot5 ESCAPE at (4,14)
R61 Bot1 ESCAPE at (1,12)
R65 Bot5 ESCAPE at (4,13)
R68 Bot6 ESCAPE at (5,15)
R72 Bot1 ESCAPE at (1,9)
R75 ORCH: 0 types, 3 active + 5 preview assigned
R75 Score:13 items_on_map=120 stuck=false osc=0
R75 STALL Bot0 pos=(1,15) eff=(1,15) inv=0 has_active=false delivering=false eff_slots=3 trip=false stuck=false order_rds=20
R75 STALL Bot1 pos=(4,9) eff=(4,9) inv=1 has_active=false delivering=false eff_slots=2 trip=false stuck=false order_rds=20
R75 STALL Bot2 pos=(6,15) eff=(6,15) inv=0 has_active=false delivering=false eff_slots=3 trip=false stuck=false order_rds=20
R75 STALL Bot3 pos=(3,9) eff=(3,9) inv=0 has_active=false delivering=false eff_slots=3 trip=false stuck=false order_rds=20
R75 STALL Bot5 pos=(3,16) eff=(3,16) inv=2 has_active=true delivering=true eff_slots=1 trip=false stuck=false order_rds=20
R75 STALL Bot6 pos=(8,15) eff=(8,15) inv=1 has_active=false delivering=false eff_slots=2 trip=false stuck=false order_rds=20
R75 STALL Bot7 pos=(1,9) eff=(1,9) inv=0 has_active=false delivering=false eff_slots=3 trip=false stuck=false order_rds=20
R75 STALL Bot8 pos=(10,16) eff=(10,16) inv=1 has_active=true delivering=true eff_slots=2 trip=false stuck=false order_rds=20
R75 STALL Bot9 pos=(4,15) eff=(4,15) inv=0 has_active=false delivering=false eff_slots=3 trip=false stuck=false order_rds=20
R79 Bot6 ESCAPE at (8,15)
R83 Bot1 ESCAPE at (4,9)
R85 Bot4 ESCAPE at (1,15)
R86 Bot5 ESCAPE at (2,16)
R88 OFFSET MODE ENABLED (4/8 moving mismatches)
R90 Bot6 ESCAPE at (8,12)
R90 STALL Bot0 pos=(4,15) eff=(4,16) inv=1 has_active=false delivering=false eff_slots=2 trip=false stuck=false order_rds=35
R90 STALL Bot1 pos=(7,9) eff=(7,9) inv=1 has_active=false delivering=false eff_slots=2 trip=false stuck=false order_rds=35
R90 STALL Bot2 pos=(8,13) eff=(8,12) inv=0 has_active=false delivering=false eff_slots=3 trip=false stuck=false order_rds=35
R90 STALL Bot3 pos=(5,9) eff=(6,9) inv=0 has_active=false delivering=false eff_slots=3 trip=false stuck=false order_rds=35
R90 STALL Bot4 pos=(1,12) eff=(1,12) inv=1 has_active=false delivering=false eff_slots=2 trip=false stuck=false order_rds=35
R90 STALL Bot5 pos=(3,15) eff=(3,15) inv=1 has_active=false delivering=false eff_slots=2 trip=false stuck=false order_rds=35
R90 STALL Bot7 pos=(4,9) eff=(5,9) inv=0 has_active=false delivering=false eff_slots=3 trip=false stuck=false order_rds=35
R90 STALL Bot9 pos=(4,5) eff=(4,4) inv=0 has_active=false delivering=false eff_slots=3 trip=false stuck=false order_rds=35
R93 Bot3 pickup FAILED at (5,9) -> item (5,10) inv=0
Blacklisted pickup: adj (5,9) -> item (5,10), total=1
R95 Bot1 pickup FAILED at (9,9) -> item (9,10) inv=1
Blacklisted pickup: adj (9,9) -> item (9,10), total=2
R95 Bot6 pickup FAILED at (8,13) -> item (7,13) inv=1
Blacklisted pickup: adj (8,13) -> item (7,13), total=3
R95 Bot9 pickup FAILED at (4,2) -> item (3,2) inv=0
Blacklisted pickup: adj (4,2) -> item (3,2), total=4
R97 Bot2 ESCAPE at (8,13)
R97 Bot7 pickup FAILED at (4,6) -> item (3,6) inv=0
Blacklisted pickup: adj (4,6) -> item (3,6), total=5
R99 Bot6 ESCAPE at (8,12)
R100/300 Score:22
R100 ORCH: 0 types, 0 active + 4 preview assigned
R100 Score:22 items_on_map=120 stuck=false osc=0
R101 Bot5 ESCAPE at (3,16)
R101 Bot8 pickup FAILED at (4,11) -> item (3,11) inv=0
Blacklisted pickup: adj (4,11) -> item (3,11), total=6
R102 Bot4 ESCAPE at (1,14)
R108 Bot7 ESCAPE at (4,9)
R110 STALL Bot0 pos=(3,15) eff=(2,15) inv=0 has_active=false delivering=false eff_slots=3 trip=false stuck=false order_rds=19
R110 STALL Bot1 pos=(1,10) eff=(1,11) inv=3 has_active=true delivering=true eff_slots=0 trip=false stuck=false order_rds=19
R110 STALL Bot2 pos=(8,10) eff=(8,11) inv=0 has_active=false delivering=false eff_slots=3 trip=false stuck=false order_rds=19
R110 STALL Bot3 pos=(4,12) eff=(4,13) inv=2 has_active=false delivering=false eff_slots=1 trip=false stuck=false order_rds=19
R110 STALL Bot4 pos=(1,14) eff=(1,14) inv=1 has_active=false delivering=false eff_slots=2 trip=false stuck=false order_rds=19
R110 STALL Bot5 pos=(3,16) eff=(3,16) inv=1 has_active=false delivering=false eff_slots=2 trip=false stuck=false order_rds=19
R110 STALL Bot6 pos=(8,9) eff=(8,9) inv=1 has_active=false delivering=false eff_slots=2 trip=false stuck=false order_rds=19
R110 STALL Bot8 pos=(4,15) eff=(4,16) inv=2 has_active=false delivering=false eff_slots=1 trip=false stuck=false order_rds=19
R110 STALL Bot9 pos=(4,9) eff=(4,10) inv=3 has_active=true delivering=true eff_slots=0 trip=false stuck=false order_rds=19
R111 Bot6 ESCAPE at (8,9)
R112 Bot4 ESCAPE at (1,14)
R113 Bot5 ESCAPE at (3,16)
R115 STALL Bot0 pos=(2,15) eff=(3,15) inv=0 has_active=false delivering=false eff_slots=3 trip=false stuck=false order_rds=24
R115 STALL Bot1 pos=(1,14) eff=(1,15) inv=3 has_active=true delivering=true eff_slots=0 trip=false stuck=false order_rds=24
R115 STALL Bot2 pos=(8,9) eff=(9,9) inv=0 has_active=false delivering=false eff_slots=3 trip=false stuck=false order_rds=24
R115 STALL Bot3 pos=(4,16) eff=(3,16) inv=2 has_active=false delivering=false eff_slots=1 trip=false stuck=false order_rds=24
R115 STALL Bot5 pos=(2,16) eff=(2,15) inv=1 has_active=false delivering=false eff_slots=2 trip=false stuck=false order_rds=24
R115 STALL Bot6 pos=(11,9) eff=(11,9) inv=1 has_active=false delivering=false eff_slots=2 trip=false stuck=false order_rds=24
R115 STALL Bot7 pos=(4,14) eff=(4,15) inv=2 has_active=true delivering=true eff_slots=1 trip=false stuck=false order_rds=24
R115 STALL Bot8 pos=(5,15) eff=(5,16) inv=2 has_active=false delivering=false eff_slots=1 trip=false stuck=false order_rds=24
R115 STALL Bot9 pos=(4,12) eff=(4,13) inv=3 has_active=true delivering=true eff_slots=0 trip=false stuck=false order_rds=24
R123 Bot6 ESCAPE at (11,9)
R124 Bot3 ESCAPE at (3,16)
R124 Bot5 ESCAPE at (2,15)
R125 Bot4 ESCAPE at (2,16)
R125 ORCH: 0 types, 0 active + 0 preview assigned
R125 Score:23 items_on_map=120 stuck=false osc=0
R126 Bot2 ESCAPE at (9,9)
R127 Bot1 ESCAPE at (1,15)
R128 Bot8 ESCAPE at (5,16)
R130 STALL Bot0 pos=(4,6) eff=(4,6) inv=0 has_active=false delivering=false eff_slots=3 trip=false stuck=false order_rds=39
R130 STALL Bot1 pos=(1,14) eff=(1,14) inv=2 has_active=false delivering=false eff_slots=1 trip=false stuck=false order_rds=39
R130 STALL Bot2 pos=(8,6) eff=(8,5) inv=0 has_active=false delivering=false eff_slots=3 trip=false stuck=false order_rds=39
R130 STALL Bot3 pos=(2,15) eff=(2,15) inv=2 has_active=false delivering=false eff_slots=1 trip=false stuck=false order_rds=39
R130 STALL Bot4 pos=(3,15) eff=(4,15) inv=1 has_active=false delivering=false eff_slots=2 trip=false stuck=false order_rds=39
R130 STALL Bot5 pos=(1,15) eff=(1,15) inv=1 has_active=false delivering=false eff_slots=2 trip=false stuck=false order_rds=39
R130 STALL Bot6 pos=(14,9) eff=(14,9) inv=1 has_active=false delivering=false eff_slots=2 trip=false stuck=false order_rds=39
R130 STALL Bot9 pos=(1,13) eff=(1,13) inv=3 has_active=true delivering=true eff_slots=0 trip=false stuck=false order_rds=39
R135 Bot0 ESCAPE at (4,6)
R135 Bot6 ESCAPE at (14,9)
R136 Bot0 stuck-order reset (rounds_on_order=45)
R136 Bot1 ESCAPE at (1,14)
R136 Bot1 stuck-order reset (rounds_on_order=45)
R136 Bot2 stuck-order reset (rounds_on_order=45)
R136 Bot3 ESCAPE at (2,15)
R136 Bot3 stuck-order reset (rounds_on_order=45)
R136 Bot4 stuck-order reset (rounds_on_order=45)
R136 Bot5 stuck-order reset (rounds_on_order=45)
R136 Bot6 stuck-order reset (rounds_on_order=45)
R136 Bot7 stuck-order reset (rounds_on_order=45)
R136 Bot8 stuck-order reset (rounds_on_order=45)
R136 Bot9 stuck-order reset (rounds_on_order=45)
R141 Bot5 ESCAPE at (1,15)
R141 Bot8 ESCAPE at (3,16)
R142 Bot2 ESCAPE at (8,6)
R142 Bot7 ESCAPE at (2,16)
R145 STALL Bot0 pos=(4,4) eff=(4,4) inv=0 has_active=false delivering=false eff_slots=3 trip=false stuck=false order_rds=54
R145 STALL Bot1 pos=(1,14) eff=(1,14) inv=2 has_active=false delivering=false eff_slots=1 trip=false stuck=false order_rds=54
R145 STALL Bot2 pos=(8,3) eff=(8,2) inv=0 has_active=false delivering=false eff_slots=3 trip=false stuck=false order_rds=54
R145 STALL Bot3 pos=(3,16) eff=(3,16) inv=2 has_active=false delivering=false eff_slots=1 trip=false stuck=false order_rds=54
R145 STALL Bot4 pos=(4,15) eff=(4,16) inv=1 has_active=false delivering=false eff_slots=2 trip=false stuck=false order_rds=54
R145 STALL Bot5 pos=(1,16) eff=(2,16) inv=1 has_active=false delivering=false eff_slots=2 trip=false stuck=false order_rds=54
R145 STALL Bot6 pos=(16,8) eff=(16,8) inv=1 has_active=false delivering=false eff_slots=2 trip=false stuck=false order_rds=54
R145 STALL Bot7 pos=(1,15) eff=(2,15) inv=1 has_active=false delivering=false eff_slots=2 trip=false stuck=false order_rds=54
R145 STALL Bot8 pos=(6,16) eff=(5,16) inv=2 has_active=false delivering=false eff_slots=1 trip=false stuck=false order_rds=54
R145 STALL Bot9 pos=(1,13) eff=(1,13) inv=3 has_active=true delivering=true eff_slots=0 trip=false stuck=false order_rds=54
R147 Bot0 ESCAPE at (4,4)
R147 Bot1 ESCAPE at (1,14)
R147 Bot6 ESCAPE at (16,8)
R147 Bot9 ESCAPE at (1,12)
R150/300 Score:24
R150 Bot3 ESCAPE at (3,16)
R150 ORCH: 0 types, 0 active + 0 preview assigned
R150 Score:24 items_on_map=120 stuck=false osc=1
R150 STALL Bot0 pos=(4,6) eff=(4,7) inv=0 has_active=false delivering=false eff_slots=3 trip=false stuck=false order_rds=59
R150 STALL Bot2 pos=(8,6) eff=(8,5) inv=0 has_active=false delivering=false eff_slots=3 trip=false stuck=false order_rds=59
R150 STALL Bot4 pos=(4,15) eff=(4,16) inv=1 has_active=false delivering=false eff_slots=2 trip=false stuck=false order_rds=59
R150 STALL Bot5 pos=(2,16) eff=(2,16) inv=1 has_active=false delivering=false eff_slots=2 trip=false stuck=false order_rds=59
R150 STALL Bot6 pos=(16,6) eff=(16,5) inv=1 has_active=false delivering=false eff_slots=2 trip=false stuck=false order_rds=59
R150 STALL Bot7 pos=(2,15) eff=(2,15) inv=1 has_active=false delivering=false eff_slots=2 trip=false stuck=false order_rds=59
R150 STALL Bot8 pos=(5,16) eff=(5,15) inv=2 has_active=false delivering=false eff_slots=1 trip=false stuck=false order_rds=59
R150 STALL Bot9 pos=(1,15) eff=(1,14) inv=3 has_active=true delivering=true eff_slots=0 trip=false stuck=false order_rds=59
R151 Bot0 stuck-order reset (rounds_on_order=60)
R151 Bot1 stuck-order reset (rounds_on_order=60)
R151 Bot2 stuck-order reset (rounds_on_order=60)
R151 Bot3 stuck-order reset (rounds_on_order=60)
R151 Bot4 stuck-order reset (rounds_on_order=60)
R151 Bot5 stuck-order reset (rounds_on_order=60)
R151 Bot6 stuck-order reset (rounds_on_order=60)
R151 Bot7 stuck-order reset (rounds_on_order=60)
R151 Bot8 stuck-order reset (rounds_on_order=60)
R151 Bot9 stuck-order reset (rounds_on_order=60)
R155 STALL Bot0 pos=(4,6) eff=(4,6) inv=0 has_active=false delivering=false eff_slots=3 trip=false stuck=false order_rds=64
R155 STALL Bot1 pos=(1,15) eff=(1,15) inv=2 has_active=false delivering=false eff_slots=1 trip=false stuck=false order_rds=64
R155 STALL Bot2 pos=(8,5) eff=(8,6) inv=0 has_active=false delivering=false eff_slots=3 trip=false stuck=false order_rds=64
R155 STALL Bot3 pos=(5,16) eff=(5,15) inv=2 has_active=false delivering=false eff_slots=1 trip=false stuck=false order_rds=64
R155 STALL Bot4 pos=(3,16) eff=(3,16) inv=1 has_active=false delivering=false eff_slots=2 trip=false stuck=false order_rds=64
R155 STALL Bot5 pos=(2,16) eff=(2,16) inv=1 has_active=false delivering=false eff_slots=2 trip=false stuck=false order_rds=64
R155 STALL Bot6 pos=(16,5) eff=(16,5) inv=1 has_active=false delivering=false eff_slots=2 trip=false stuck=false order_rds=64
R155 STALL Bot7 pos=(2,15) eff=(2,15) inv=1 has_active=false delivering=false eff_slots=2 trip=false stuck=false order_rds=64
R155 STALL Bot8 pos=(4,16) eff=(4,15) inv=2 has_active=false delivering=false eff_slots=1 trip=false stuck=false order_rds=64
R155 STALL Bot9 pos=(1,13) eff=(1,14) inv=3 has_active=true delivering=true eff_slots=0 trip=false stuck=false order_rds=64
R156 Bot5 ESCAPE at (2,16)
R156 Bot7 ESCAPE at (2,15)
R157 Bot0 ESCAPE at (4,6)
R157 Bot2 ESCAPE at (8,5)
R158 Bot9 ESCAPE at (1,14)
R159 Bot1 ESCAPE at (1,15)
R159 Bot6 ESCAPE at (16,5)
R160 Bot4 ESCAPE at (3,16)
R160 STALL Bot0 pos=(4,4) eff=(4,3) inv=0 has_active=false delivering=false eff_slots=3 trip=false stuck=false order_rds=69
R160 STALL Bot2 pos=(8,8) eff=(8,9) inv=0 has_active=false delivering=false eff_slots=3 trip=false stuck=false order_rds=69
R160 STALL Bot3 pos=(5,15) eff=(5,16) inv=2 has_active=false delivering=false eff_slots=1 trip=false stuck=false order_rds=69
R160 STALL Bot4 pos=(3,16) eff=(3,16) inv=1 has_active=false delivering=false eff_slots=2 trip=false stuck=false order_rds=69
R160 STALL Bot5 pos=(1,16) eff=(1,15) inv=1 has_active=false delivering=false eff_slots=2 trip=false stuck=false order_rds=69
R160 STALL Bot7 pos=(3,15) eff=(3,15) inv=1 has_active=false delivering=false eff_slots=2 trip=false stuck=false order_rds=69
R160 STALL Bot8 pos=(4,15) eff=(4,16) inv=2 has_active=false delivering=false eff_slots=1 trip=false stuck=false order_rds=69
R161 Bot8 ESCAPE at (4,16)
R164 Bot5 ESCAPE at (1,15)
R165 STALL Bot0 pos=(4,4) eff=(4,4) inv=0 has_active=false delivering=false eff_slots=3 trip=false stuck=false order_rds=74
R165 STALL Bot1 pos=(2,16) eff=(2,16) inv=2 has_active=false delivering=false eff_slots=1 trip=false stuck=false order_rds=74
R165 STALL Bot2 pos=(8,9) eff=(9,9) inv=0 has_active=false delivering=false eff_slots=3 trip=false stuck=false order_rds=74
R165 STALL Bot3 pos=(5,16) eff=(4,16) inv=2 has_active=false delivering=false eff_slots=1 trip=false stuck=false order_rds=74
R165 STALL Bot4 pos=(3,16) eff=(3,16) inv=1 has_active=false delivering=false eff_slots=2 trip=false stuck=false order_rds=74
R165 STALL Bot6 pos=(16,2) eff=(16,2) inv=1 has_active=false delivering=false eff_slots=2 trip=false stuck=false order_rds=74
R165 STALL Bot7 pos=(2,15) eff=(2,15) inv=1 has_active=false delivering=false eff_slots=2 trip=false stuck=false order_rds=74
R165 STALL Bot8 pos=(4,14) eff=(4,15) inv=2 has_active=false delivering=false eff_slots=1 trip=false stuck=false order_rds=74
R165 STALL Bot9 pos=(1,14) eff=(1,15) inv=3 has_active=true delivering=true eff_slots=0 trip=false stuck=false order_rds=74
R166 Bot0 stuck-order reset (rounds_on_order=75)
R166 Bot1 stuck-order reset (rounds_on_order=75)
R166 Bot2 stuck-order reset (rounds_on_order=75)
R166 Bot3 stuck-order reset (rounds_on_order=75)
R166 Bot4 stuck-order reset (rounds_on_order=75)
R166 Bot5 stuck-order reset (rounds_on_order=75)
R166 Bot6 stuck-order reset (rounds_on_order=75)
R166 Bot7 stuck-order reset (rounds_on_order=75)
R166 Bot8 stuck-order reset (rounds_on_order=75)
R166 Bot9 stuck-order reset (rounds_on_order=75)
R170 STALL Bot0 pos=(4,4) eff=(4,4) inv=0 has_active=false delivering=false eff_slots=3 trip=false stuck=false order_rds=79
R170 STALL Bot1 pos=(2,16) eff=(2,16) inv=2 has_active=false delivering=false eff_slots=1 trip=false stuck=false order_rds=79
R170 STALL Bot2 pos=(9,9) eff=(8,9) inv=0 has_active=false delivering=false eff_slots=3 trip=false stuck=false order_rds=79
R170 STALL Bot3 pos=(5,15) eff=(5,16) inv=2 has_active=false delivering=false eff_slots=1 trip=false stuck=false order_rds=79
R170 STALL Bot4 pos=(3,16) eff=(3,16) inv=1 has_active=false delivering=false eff_slots=2 trip=false stuck=false order_rds=79
R170 STALL Bot5 pos=(1,16) eff=(1,15) inv=1 has_active=false delivering=false eff_slots=2 trip=false stuck=false order_rds=79
R170 STALL Bot6 pos=(16,2) eff=(16,2) inv=1 has_active=false delivering=false eff_slots=2 trip=false stuck=false order_rds=79
R170 STALL Bot7 pos=(2,15) eff=(2,15) inv=1 has_active=false delivering=false eff_slots=2 trip=false stuck=false order_rds=79
R170 STALL Bot8 pos=(4,15) eff=(4,16) inv=2 has_active=false delivering=false eff_slots=1 trip=false stuck=false order_rds=79
R170 STALL Bot9 pos=(1,14) eff=(1,13) inv=3 has_active=true delivering=true eff_slots=0 trip=false stuck=false order_rds=79
R171 Bot0 ESCAPE at (4,4)
R171 Bot7 ESCAPE at (2,15)
R172 Bot1 ESCAPE at (2,16)
R172 Bot2 ESCAPE at (9,9)
R172 Bot3 ESCAPE at (5,15)
R172 Bot4 ESCAPE at (3,16)
R172 Bot5 ESCAPE at (1,15)
R172 Bot6 ESCAPE at (16,2)
R172 Bot8 ESCAPE at (4,15)
R173 Bot9 ESCAPE at (1,14)
R175 ORCH: 0 types, 0 active + 0 preview assigned
R175 Score:24 items_on_map=120 stuck=false osc=0
R175 STALL Bot0 pos=(4,7) eff=(4,6) inv=0 has_active=false delivering=false eff_slots=3 trip=false stuck=false order_rds=84
R175 STALL Bot1 pos=(3,15) eff=(4,15) inv=2 has_active=false delivering=false eff_slots=1 trip=false stuck=false order_rds=84
R175 STALL Bot2 pos=(8,11) eff=(8,12) inv=0 has_active=false delivering=false eff_slots=3 trip=false stuck=false order_rds=84
R175 STALL Bot3 pos=(7,16) eff=(7,15) inv=2 has_active=false delivering=false eff_slots=1 trip=false stuck=false order_rds=84
R175 STALL Bot4 pos=(2,15) eff=(1,15) inv=1 has_active=false delivering=false eff_slots=2 trip=false stuck=false order_rds=84
R175 STALL Bot5 pos=(2,16) eff=(3,16) inv=1 has_active=false delivering=false eff_slots=2 trip=false stuck=false order_rds=84
R175 STALL Bot6 pos=(15,1) eff=(14,1) inv=1 has_active=false delivering=false eff_slots=2 trip=false stuck=false order_rds=84
R175 STALL Bot7 pos=(4,16) eff=(5,16) inv=1 has_active=false delivering=false eff_slots=2 trip=false stuck=false order_rds=84
R175 STALL Bot8 pos=(6,16) eff=(6,15) inv=2 has_active=false delivering=false eff_slots=1 trip=false stuck=false order_rds=84
R179 Bot0 pickup FAILED at (4,7) -> item (5,7) inv=0
Blacklisted pickup: adj (4,7) -> item (5,7), total=7
R183 Bot5 ESCAPE at (1,16)
R184 Bot6 ESCAPE at (14,1)
R184 Bot9 pickup FAILED at (4,14) -> item (5,14) inv=0
Blacklisted pickup: adj (4,14) -> item (5,14), total=8
R189 Bot1 ESCAPE at (2,15)
R189 Bot4 ESCAPE at (2,16)
R194 Bot3 ESCAPE at (4,16)
R196 Bot2 ESCAPE at (8,8)
R196 Bot6 ESCAPE at (12,2)
R200/300 Score:35
R200 ORCH: 0 types, 0 active + 0 preview assigned
R200 Score:35 items_on_map=120 stuck=false osc=5
R201 Bot0 ESCAPE at (3,16)
R201 Bot1 ESCAPE at (1,13)
R201 Bot4 ESCAPE at (1,14)
R207 Bot8 ESCAPE at (1,15)
R208 Bot6 ESCAPE at (12,5)
R210 Bot2 ESCAPE at (5,9)
R210 Bot5 ESCAPE at (4,8)
R210 STALL Bot0 pos=(2,15) eff=(2,15) inv=2 has_active=false delivering=false eff_slots=1 trip=false stuck=false order_rds=35
R210 STALL Bot1 pos=(1,10) eff=(1,10) inv=2 has_active=false delivering=false eff_slots=1 trip=false stuck=false order_rds=35
R210 STALL Bot3 pos=(4,16) eff=(4,16) inv=2 has_active=true delivering=true eff_slots=1 trip=false stuck=false order_rds=35
R210 STALL Bot4 pos=(1,11) eff=(1,11) inv=1 has_active=false delivering=false eff_slots=2 trip=false stuck=false order_rds=35
R210 STALL Bot7 pos=(7,15) eff=(8,15) inv=0 has_active=false delivering=false eff_slots=3 trip=false stuck=false order_rds=35
R210 STALL Bot8 pos=(1,13) eff=(1,12) inv=1 has_active=false delivering=false eff_slots=2 trip=false stuck=false order_rds=35
R210 STALL Bot9 pos=(3,16) eff=(3,16) inv=2 has_active=false delivering=false eff_slots=1 trip=false stuck=false order_rds=35
R211 Bot9 ESCAPE at (3,16)
R213 Bot0 ESCAPE at (2,15)
R213 Bot1 ESCAPE at (1,10)
R213 Bot4 ESCAPE at (1,11)
R215 STALL Bot2 pos=(8,9) eff=(8,8) inv=0 has_active=false delivering=false eff_slots=3 trip=false stuck=false order_rds=40
R215 STALL Bot3 pos=(3,15) eff=(3,16) inv=2 has_active=true delivering=true eff_slots=1 trip=false stuck=false order_rds=40
R215 STALL Bot5 pos=(2,9) eff=(3,9) inv=0 has_active=false delivering=false eff_slots=3 trip=false stuck=false order_rds=40
R215 STALL Bot6 pos=(12,8) eff=(12,8) inv=1 has_active=false delivering=false eff_slots=2 trip=false stuck=false order_rds=40
R215 STALL Bot7 pos=(8,11) eff=(8,10) inv=0 has_active=false delivering=false eff_slots=3 trip=false stuck=false order_rds=40
R215 STALL Bot8 pos=(1,12) eff=(1,12) inv=1 has_active=false delivering=false eff_slots=2 trip=false stuck=false order_rds=40
R215 STALL Bot9 pos=(4,14) eff=(4,15) inv=2 has_active=false delivering=false eff_slots=1 trip=false stuck=false order_rds=40
R219 Bot8 ESCAPE at (1,12)
R222 Bot2 pickup FAILED at (8,6) -> item (9,6) inv=0
Blacklisted pickup: adj (8,6) -> item (9,6), total=9
R222 Bot7 pickup FAILED at (8,12) -> item (9,12) inv=0
Blacklisted pickup: adj (8,12) -> item (9,12), total=10
R224 Bot1 pickup FAILED at (4,11) -> item (5,11) inv=2
Blacklisted pickup: adj (4,11) -> item (5,11), total=11
R224 Bot6 pickup FAILED at (12,4) -> item (11,4) inv=1
Blacklisted pickup: adj (12,4) -> item (11,4), total=12
R225 ORCH: 1 types, 5 active + 5 preview assigned
R225 Score:42 items_on_map=120 stuck=false osc=0
R227 Bot2 pickup FAILED at (8,3) -> item (9,3) inv=2
Blacklisted pickup: adj (8,3) -> item (9,3), total=13
R227 Bot5 pickup FAILED at (4,5) -> item (5,5) inv=0
Blacklisted pickup: adj (4,5) -> item (5,5), total=14
R229 Bot3 ESCAPE at (1,15)
R231 Bot8 ESCAPE at (1,9)
R234 Bot4 ESCAPE at (1,9)
R234 Bot9 ESCAPE at (2,16)
R235 STALL Bot0 pos=(2,15) eff=(1,15) inv=2 has_active=true delivering=true eff_slots=1 trip=false stuck=false order_rds=17
R235 STALL Bot1 pos=(3,15) eff=(2,15) inv=3 has_active=true delivering=true eff_slots=0 trip=false stuck=false order_rds=17
R235 STALL Bot2 pos=(8,10) eff=(8,11) inv=3 has_active=true delivering=true eff_slots=0 trip=false stuck=false order_rds=17
R235 STALL Bot3 pos=(1,14) eff=(1,14) inv=1 has_active=false delivering=false eff_slots=2 trip=false stuck=false order_rds=17
R235 STALL Bot5 pos=(4,10) eff=(4,11) inv=1 has_active=true delivering=true eff_slots=2 trip=false stuck=false order_rds=17
R235 STALL Bot6 pos=(12,12) eff=(12,13) inv=3 has_active=true delivering=true eff_slots=0 trip=false stuck=false order_rds=17
R235 STALL Bot7 pos=(3,16) eff=(3,16) inv=2 has_active=true delivering=true eff_slots=1 trip=false stuck=false order_rds=17
R235 STALL Bot8 pos=(1,6) eff=(1,6) inv=1 has_active=false delivering=false eff_slots=2 trip=false stuck=false order_rds=17
R239 Bot0 ESCAPE at (1,15)
R240 STALL Bot2 pos=(8,15) eff=(8,16) inv=3 has_active=true delivering=true eff_slots=0 trip=false stuck=false order_rds=22
R240 STALL Bot3 pos=(1,14) eff=(1,14) inv=1 has_active=false delivering=false eff_slots=2 trip=false stuck=false order_rds=22
R240 STALL Bot4 pos=(1,13) eff=(1,12) inv=1 has_active=false delivering=false eff_slots=2 trip=false stuck=false order_rds=22
R240 STALL Bot5 pos=(4,15) eff=(4,16) inv=1 has_active=true delivering=true eff_slots=2 trip=false stuck=false order_rds=22
R240 STALL Bot6 pos=(11,16) eff=(10,16) inv=3 has_active=true delivering=true eff_slots=0 trip=false stuck=false order_rds=22
R240 STALL Bot7 pos=(3,16) eff=(2,16) inv=2 has_active=true delivering=true eff_slots=1 trip=false stuck=false order_rds=22
R240 STALL Bot8 pos=(1,6) eff=(1,6) inv=1 has_active=false delivering=false eff_slots=2 trip=false stuck=false order_rds=22
R240 STALL Bot9 pos=(1,15) eff=(1,15) inv=1 has_active=false delivering=false eff_slots=2 trip=false stuck=false order_rds=22
R242 Bot3 ESCAPE at (1,14)
R243 Bot8 ESCAPE at (1,6)
R246 Bot9 ESCAPE at (1,15)
R249 Bot1 ESCAPE at (2,16)
R250/300 Score:43
R250 ORCH: 0 types, 0 active + 0 preview assigned
R250 Score:43 items_on_map=120 stuck=false osc=4
R254 Bot0 ESCAPE at (1,15)
R255 Bot8 ESCAPE at (1,3)
R256 Bot4 ESCAPE at (1,9)
R258 Bot9 ESCAPE at (1,12)
R259 Bot5 ESCAPE at (2,16)
R260 Bot2 ESCAPE at (4,16)
R261 Bot3 ESCAPE at (1,12)
R262 Bot7 ESCAPE at (1,15)
R263 Bot0 stuck-order reset (rounds_on_order=45)
R263 Bot1 stuck-order reset (rounds_on_order=45)
R263 Bot2 stuck-order reset (rounds_on_order=45)
R263 Bot3 stuck-order reset (rounds_on_order=45)
R263 Bot4 stuck-order reset (rounds_on_order=45)
R263 Bot5 stuck-order reset (rounds_on_order=45)
R263 Bot6 stuck-order reset (rounds_on_order=45)
R263 Bot7 stuck-order reset (rounds_on_order=45)
R263 Bot8 stuck-order reset (rounds_on_order=45)
R263 Bot9 stuck-order reset (rounds_on_order=45)
R265 STALL Bot0 pos=(1,15) eff=(1,15) inv=2 has_active=true delivering=true eff_slots=1 trip=false stuck=false order_rds=47
R265 STALL Bot1 pos=(3,16) eff=(3,16) inv=2 has_active=false delivering=false eff_slots=1 trip=false stuck=false order_rds=47
R265 STALL Bot2 pos=(4,14) eff=(4,15) inv=3 has_active=true delivering=true eff_slots=0 trip=false stuck=false order_rds=47
R265 STALL Bot3 pos=(2,9) eff=(1,9) inv=1 has_active=false delivering=false eff_slots=2 trip=false stuck=false order_rds=47
R265 STALL Bot4 pos=(4,13) eff=(4,14) inv=1 has_active=false delivering=false eff_slots=2 trip=false stuck=false order_rds=47
R265 STALL Bot5 pos=(2,16) eff=(2,16) inv=1 has_active=false delivering=false eff_slots=2 trip=false stuck=false order_rds=47
R265 STALL Bot6 pos=(2,15) eff=(3,15) inv=3 has_active=true delivering=true eff_slots=0 trip=false stuck=false order_rds=47
R265 STALL Bot8 pos=(2,1) eff=(2,1) inv=1 has_active=false delivering=false eff_slots=2 trip=false stuck=false order_rds=47
R265 STALL Bot9 pos=(1,12) eff=(1,12) inv=1 has_active=false delivering=false eff_slots=2 trip=false stuck=false order_rds=47
R268 Bot1 ESCAPE at (3,16)
R268 Bot8 ESCAPE at (2,1)
R269 Bot0 ESCAPE at (1,14)
R269 Bot5 ESCAPE at (2,16)
R269 Bot7 ESCAPE at (1,16)
R269 Bot9 ESCAPE at (1,12)
R270 STALL Bot1 pos=(3,15) eff=(2,15) inv=2 has_active=false delivering=false eff_slots=1 trip=false stuck=false order_rds=52
R270 STALL Bot2 pos=(3,16) eff=(3,15) inv=3 has_active=true delivering=true eff_slots=0 trip=false stuck=false order_rds=52
R270 STALL Bot3 pos=(1,11) eff=(1,10) inv=1 has_active=false delivering=false eff_slots=2 trip=false stuck=false order_rds=52
R270 STALL Bot4 pos=(4,16) eff=(3,16) inv=1 has_active=false delivering=false eff_slots=2 trip=false stuck=false order_rds=52
R270 STALL Bot5 pos=(2,16) eff=(2,16) inv=1 has_active=false delivering=false eff_slots=2 trip=false stuck=false order_rds=52
R270 STALL Bot6 pos=(1,15) eff=(1,15) inv=3 has_active=true delivering=true eff_slots=0 trip=false stuck=false order_rds=52
R274 Bot5 ESCAPE at (2,16)
R275 Bot7 ESCAPE at (1,15)
R275 ORCH: 0 types, 0 active + 0 preview assigned
R275 Score:44 items_on_map=120 stuck=false osc=3
R275 STALL Bot0 pos=(1,13) eff=(1,13) inv=2 has_active=true delivering=true eff_slots=1 trip=false stuck=false order_rds=57
R275 STALL Bot1 pos=(2,15) eff=(2,15) inv=2 has_active=false delivering=false eff_slots=1 trip=false stuck=false order_rds=57
R275 STALL Bot2 pos=(4,15) eff=(4,16) inv=3 has_active=true delivering=true eff_slots=0 trip=false stuck=false order_rds=57
R275 STALL Bot3 pos=(2,9) eff=(3,9) inv=1 has_active=false delivering=false eff_slots=2 trip=false stuck=false order_rds=57
R275 STALL Bot4 pos=(3,16) eff=(3,16) inv=1 has_active=false delivering=false eff_slots=2 trip=false stuck=false order_rds=57
R275 STALL Bot6 pos=(1,14) eff=(1,14) inv=3 has_active=true delivering=true eff_slots=0 trip=false stuck=false order_rds=57
R275 STALL Bot8 pos=(4,2) eff=(4,2) inv=1 has_active=false delivering=false eff_slots=2 trip=false stuck=false order_rds=57
R275 STALL Bot9 pos=(1,9) eff=(1,9) inv=1 has_active=false delivering=false eff_slots=2 trip=false stuck=false order_rds=57
R278 Bot0 stuck-order reset (rounds_on_order=60)
R278 Bot1 stuck-order reset (rounds_on_order=60)
R278 Bot2 stuck-order reset (rounds_on_order=60)
R278 Bot3 stuck-order reset (rounds_on_order=60)
R278 Bot4 stuck-order reset (rounds_on_order=60)
R278 Bot5 stuck-order reset (rounds_on_order=60)
R278 Bot6 stuck-order reset (rounds_on_order=60)
R278 Bot7 stuck-order reset (rounds_on_order=60)
R278 Bot8 stuck-order reset (rounds_on_order=60)
R278 Bot9 stuck-order reset (rounds_on_order=60)
R280 STALL Bot0 pos=(1,13) eff=(1,13) inv=2 has_active=true delivering=true eff_slots=1 trip=false stuck=false order_rds=62
R280 STALL Bot1 pos=(2,15) eff=(2,15) inv=2 has_active=false delivering=false eff_slots=1 trip=false stuck=false order_rds=62
R280 STALL Bot2 pos=(4,15) eff=(4,16) inv=3 has_active=true delivering=true eff_slots=0 trip=false stuck=false order_rds=62
R280 STALL Bot3 pos=(3,9) eff=(2,9) inv=1 has_active=false delivering=false eff_slots=2 trip=false stuck=false order_rds=62
R280 STALL Bot4 pos=(3,16) eff=(3,16) inv=1 has_active=false delivering=false eff_slots=2 trip=false stuck=false order_rds=62
R280 STALL Bot5 pos=(2,16) eff=(2,16) inv=1 has_active=false delivering=false eff_slots=2 trip=false stuck=false order_rds=62
R280 STALL Bot6 pos=(1,14) eff=(1,14) inv=3 has_active=true delivering=true eff_slots=0 trip=false stuck=false order_rds=62
R280 STALL Bot7 pos=(1,15) eff=(1,15) inv=1 has_active=false delivering=false eff_slots=2 trip=false stuck=false order_rds=62
R280 STALL Bot8 pos=(4,2) eff=(4,2) inv=1 has_active=false delivering=false eff_slots=2 trip=false stuck=false order_rds=62
R280 STALL Bot9 pos=(1,9) eff=(1,9) inv=1 has_active=false delivering=false eff_slots=2 trip=false stuck=false order_rds=62
R283 Bot1 ESCAPE at (2,15)
R283 Bot4 ESCAPE at (3,16)
R283 Bot8 ESCAPE at (4,2)
R283 Bot9 ESCAPE at (1,9)
R284 Bot2 ESCAPE at (4,16)
R284 Bot3 ESCAPE at (3,9)
R284 Bot5 ESCAPE at (2,16)
R284 Bot7 ESCAPE at (1,15)
R285 STALL Bot0 pos=(1,12) eff=(1,13) inv=2 has_active=true delivering=true eff_slots=1 trip=false stuck=false order_rds=67
R285 STALL Bot6 pos=(1,14) eff=(1,14) inv=3 has_active=true delivering=true eff_slots=0 trip=false stuck=false order_rds=67
R286 Bot6 ESCAPE at (1,14)
R290 Bot0 ESCAPE at (1,15)
R293 Bot0 stuck-order reset (rounds_on_order=75)
R293 Bot1 ESCAPE at (3,16)
R293 Bot1 stuck-order reset (rounds_on_order=75)
R293 Bot2 stuck-order reset (rounds_on_order=75)
R293 Bot3 stuck-order reset (rounds_on_order=75)
R293 Bot4 stuck-order reset (rounds_on_order=75)
R293 Bot5 stuck-order reset (rounds_on_order=75)
R293 Bot6 stuck-order reset (rounds_on_order=75)
R293 Bot7 stuck-order reset (rounds_on_order=75)
R293 Bot8 stuck-order reset (rounds_on_order=75)
R293 Bot9 stuck-order reset (rounds_on_order=75)
R298 Bot5 ESCAPE at (4,15)
R298 Bot7 ESCAPE at (2,15)
R298 Bot8 ESCAPE at (4,5)
R298 Bot9 ESCAPE at (1,6)
R299 Bot6 ESCAPE at (2,16)
Game over! Score: 46, Rounds: 300
