Connecting to game.ainm.no:443 (TLS=true)
Sending handshake (443 bytes)...
Server response:
HTTP/1.1 101 Switching Protocols
sec-websocket-accept: LeTMiyhaD66C7fWTXct0HzVMIj4=
date: Fri, 27 Feb 2026 14:35:28 GMT
server: Google Frontend
traceparent: 00-cac0da49db893bfb7225f50dc841323a-4954c595add22b6f-00
x-cloud-trace-context: cac0da49db893bfb7225f50dc841323a/5284065509469465455
Via: 1.1 google
Upgrade: websocket
Connection: Upgrade
Alt-Svc: h3=":443"; ma=2592000,h3-29=":443"; ma=2592000


WebSocket handshake OK!
R0: 12x10 grid, 1 bots, 16 items, dropoff (1,8)
R0/300 Score:0
R0 Score:0 items_on_map=16 stuck=false osc=0
Blacklisted pickup: adj (9,5) -> item (7,4), total=1
R25 Score:3 items_on_map=16 stuck=false osc=0
R50/300 Score:11
R50 Score:11 items_on_map=16 stuck=false osc=0
R75 Score:26 items_on_map=16 stuck=false osc=0
R100/300 Score:34
R100 Score:34 items_on_map=16 stuck=false osc=0
Blacklisted pickup: adj (3,7) -> item (3,6), total=2
Blacklisted pickup: adj (5,7) -> item (5,6), total=3
Blacklisted pickup: adj (7,7) -> item (7,6), total=4
Blacklisted pickup: adj (9,7) -> item (9,6), total=5
Blacklisted pickup: adj (8,6) -> item (7,6), total=6
Blacklisted pickup: adj (7,5) -> item (7,4), total=7
Blacklisted pickup: adj (5,5) -> item (5,4), total=8
R125 Score:34 items_on_map=16 stuck=false osc=0
Blacklisted pickup: adj (4,4) -> item (5,4), total=9
Blacklisted pickup: adj (4,3) -> item (3,3), total=10
R150/300 Score:36
R150 Score:36 items_on_map=16 stuck=false osc=0
R163 Bot0 osc reset at (1,6) osc=10
R173 Bot0 osc reset at (1,5) osc=10
R175 Score:36 items_on_map=16 stuck=false osc=2
R183 Bot0 osc reset at (1,4) osc=10
R193 Bot0 osc reset at (1,6) osc=10
R200/300 Score:36
R200 Score:36 items_on_map=16 stuck=false osc=7
R203 Bot0 osc reset at (1,5) osc=10
R213 Bot0 osc reset at (1,4) osc=10
R223 Bot0 osc reset at (1,6) osc=10
R225 Score:36 items_on_map=16 stuck=false osc=2
R233 Bot0 osc reset at (1,5) osc=10
R243 Bot0 osc reset at (1,4) osc=10
R250/300 Score:36
R250 Score:36 items_on_map=16 stuck=false osc=7
R253 Bot0 osc reset at (1,6) osc=10
R263 Bot0 osc reset at (1,5) osc=10
R273 Bot0 osc reset at (1,4) osc=10
R275 Score:36 items_on_map=16 stuck=false osc=2
R283 Bot0 osc reset at (1,6) osc=10
R293 Bot0 osc reset at (1,5) osc=10
Game over! Score: 36, Rounds: 300
