Connecting to game.ainm.no:443 (TLS=true)
Sending handshake (443 bytes)...
Server response:
HTTP/1.1 101 Switching Protocols
sec-websocket-accept: PPxrsG/zE0O+n0eZHzC4OS+m/OA=
date: Fri, 27 Feb 2026 14:00:59 GMT
server: Google Frontend
traceparent: 00-f3fc66b075e4d198da1118006d80b2c7-f20bd52f12114f17-00
x-cloud-trace-context: f3fc66b075e4d198da1118006d80b2c7/17441268380065681175
Via: 1.1 google
Upgrade: websocket
Connection: Upgrade
Alt-Svc: h3=":443"; ma=2592000,h3-29=":443"; ma=2592000


WebSocket handshake OK!
R0: 12x10 grid, 1 bots, 16 items, dropoff (1,8)
R0/300 Score:0
R0 Score:0 items_on_map=16 stuck=false osc=0
R25 Score:3 items_on_map=16 stuck=false osc=0
R50/300 Score:11
R50 Score:11 items_on_map=16 stuck=false osc=6
R54 Bot0 osc reset at (1,4) osc=10
R64 Bot0 osc reset at (1,5) osc=10
R74 Bot0 osc reset at (1,6) osc=10
R75 Score:11 items_on_map=16 stuck=false osc=1
R84 Bot0 osc reset at (1,4) osc=10
R94 Bot0 osc reset at (1,5) osc=10
R100/300 Score:11
R100 Score:11 items_on_map=16 stuck=false osc=6
R104 Bot0 osc reset at (1,6) osc=10
R114 Bot0 osc reset at (1,4) osc=10
Parse error: error.SyntaxError
R125 Score:11 items_on_map=16 stuck=false osc=7
R150/300 Score:11
R150 Score:11 items_on_map=16 stuck=false osc=6
R175 Score:11 items_on_map=16 stuck=false osc=0
R200/300 Score:11
R200 Score:11 items_on_map=16 stuck=false osc=0
R225 Score:18 items_on_map=16 stuck=false osc=0
R250/300 Score:18
R250 Score:18 items_on_map=16 stuck=false osc=2
Parse error: error.SyntaxError
Recv error: error.ReadFailed
