Connecting to game.ainm.no:443 (TLS=true)
Sending handshake (443 bytes)...
Server response:
HTTP/1.1 101 Switching Protocols
sec-websocket-accept: 4HuXIOeM9hRRHuSjh333oUJNpUk=
date: Fri, 27 Feb 2026 14:55:25 GMT
server: Google Frontend
x-cloud-trace-context: 5eea70ab941d2018bebc9df143a66c62/2508982014134641316;o=1
traceparent: 00-5eea70ab941d2018bebc9df143a66c62-22d1b1d94456e2a4-01
Via: 1.1 google
Upgrade: websocket
Connection: Upgrade
Alt-Svc: h3=":443"; ma=2592000,h3-29=":443"; ma=2592000


WebSocket handshake OK!
R0: 12x10 grid, 1 bots, 16 items, dropoff (1,8)
R0/300 Score:0
R0 Score:0 items_on_map=16 stuck=false osc=0
R25 Score:3 items_on_map=16 stuck=false osc=0
R50/300 Score:18
R50 Score:18 items_on_map=16 stuck=false osc=0
R75 Score:26 items_on_map=16 stuck=false osc=0
R100/300 Score:37
R100 Score:37 items_on_map=16 stuck=false osc=0
R125 Score:37 items_on_map=16 stuck=false osc=0
R150/300 Score:37
R150 Score:37 items_on_map=16 stuck=false osc=0
R175 Score:37 items_on_map=16 stuck=false osc=0
R200/300 Score:37
R200 Score:37 items_on_map=16 stuck=false osc=0
R225 Score:37 items_on_map=16 stuck=false osc=0
R250/300 Score:37
R250 Score:37 items_on_map=16 stuck=false osc=0
R275 Score:37 items_on_map=16 stuck=false osc=0
Game over! Score: 37, Rounds: 300
